[ 2015-05-04T11:31:17+08:00 ] ::1 /study/thinkphp/index.php/home/test
INFO: [ app_init ] --START--
INFO: Run Behavior\BuildLiteBehavior [ RunTime:0.000033s ]
INFO: [ app_init ] --END-- [ RunTime:0.031703s ]
INFO: [ app_begin ] --START--
INFO: Run Behavior\ReadHtmlCacheBehavior [ RunTime:0.001494s ]
INFO: [ app_begin ] --END-- [ RunTime:0.001632s ]
NOTIC: [8] A session had already been started - ignoring session_start() E:\xampp\htdocs\study\thinkphp\Apps\Home\Controller\TestController.class.php 第 4 行.
NOTIC: [8] Undefined index: page E:\xampp\htdocs\study\thinkphp\Apps\Home\Controller\TestController.class.php 第 8 行.
NOTIC: [8] Undefined index: uname E:\xampp\htdocs\study\thinkphp\Apps\Home\Controller\TestController.class.php 第 10 行.
SQL: SHOW COLUMNS FROM `course` [ RunTime:0.1235s ]
SQL: SELECT * FROM `course` LIMIT 0,10   [ RunTime:0.0010s ]
SQL: SELECT COUNT(*) AS tp_count FROM `course` LIMIT 1   [ RunTime:0.0005s ]
NOTIC: [8] Undefined index: query E:\xampp\htdocs\study\thinkphp\ThinkPHP\Library\Org\Util\MyPager.class.php 第 50 行.
INFO: [ view_parse ] --START--
INFO: [ template_filter ] --START--
INFO: Run Behavior\ContentReplaceBehavior [ RunTime:0.000095s ]
INFO: [ template_filter ] --END-- [ RunTime:0.000172s ]
INFO: Run Behavior\ParseTemplateBehavior [ RunTime:0.450851s ]
INFO: [ view_parse ] --END-- [ RunTime:0.450953s ]
INFO: [ view_filter ] --START--
INFO: Run Behavior\WriteHtmlCacheBehavior [ RunTime:0.011536s ]
INFO: [ view_filter ] --END-- [ RunTime:0.011637s ]
INFO: [ app_end ] --START--
INFO: Run Behavior\ShowPageTraceBehavior [ RunTime:0.002520s ]
INFO: [ app_end ] --END-- [ RunTime:0.002807s ]

[ 2015-05-04T12:16:41+08:00 ] ::1 /study/thinkphp/index.php/home/test/add
INFO: [ app_init ] --START--
INFO: Run Behavior\BuildLiteBehavior [ RunTime:0.000037s ]
INFO: [ app_init ] --END-- [ RunTime:0.001032s ]
INFO: [ app_begin ] --START--
INFO: Run Behavior\ReadHtmlCacheBehavior [ RunTime:0.001382s ]
INFO: [ app_begin ] --END-- [ RunTime:0.001559s ]
NOTIC: [8] A session had already been started - ignoring session_start() E:\xampp\htdocs\study\thinkphp\Apps\Home\Controller\TestController.class.php 第 4 行.
NOTIC: [8] Undefined index: uname E:\xampp\htdocs\study\thinkphp\Apps\Home\Controller\TestController.class.php 第 108 行.
NOTIC: [8] Undefined index: name E:\xampp\htdocs\study\thinkphp\Apps\Home\Controller\TestController.class.php 第 109 行.
NOTIC: [8] Undefined index: password E:\xampp\htdocs\study\thinkphp\Apps\Home\Controller\TestController.class.php 第 110 行.
SQL: SHOW COLUMNS FROM `user` [ RunTime:0.0662s ]
NOTIC: [8] Undefined variable: data E:\xampp\htdocs\study\thinkphp\Apps\Home\Controller\TestController.class.php 第 113 行.
INFO: [ view_parse ] --START--
INFO: [ template_filter ] --START--
INFO: Run Behavior\ContentReplaceBehavior [ RunTime:0.000073s ]
INFO: [ template_filter ] --END-- [ RunTime:0.000217s ]
INFO: Run Behavior\ParseTemplateBehavior [ RunTime:0.088636s ]
INFO: [ view_parse ] --END-- [ RunTime:0.088783s ]
INFO: [ view_filter ] --START--
INFO: Run Behavior\WriteHtmlCacheBehavior [ RunTime:0.000855s ]
INFO: [ view_filter ] --END-- [ RunTime:0.000942s ]
INFO: [ app_end ] --START--
INFO: Run Behavior\ShowPageTraceBehavior [ RunTime:0.002271s ]
INFO: [ app_end ] --END-- [ RunTime:0.002523s ]

