[ 2015-05-06T07:18:39+08:00 ] ::1 /study/thinkphp/index.php/home/test
INFO: [ app_init ] --START--
INFO: Run Behavior\BuildLiteBehavior [ RunTime:0.000025s ]
INFO: [ app_init ] --END-- [ RunTime:0.184436s ]
INFO: [ app_begin ] --START--
INFO: Run Behavior\ReadHtmlCacheBehavior [ RunTime:0.086913s ]
INFO: [ app_begin ] --END-- [ RunTime:0.087038s ]
NOTIC: [8] A session had already been started - ignoring session_start() E:\xampp\htdocs\study\thinkphp\Apps\Home\Controller\TestController.class.php 第 4 行.
NOTIC: [8] Undefined index: page E:\xampp\htdocs\study\thinkphp\Apps\Home\Controller\TestController.class.php 第 8 行.
NOTIC: [8] Undefined index: uname E:\xampp\htdocs\study\thinkphp\Apps\Home\Controller\TestController.class.php 第 10 行.
SQL: SHOW COLUMNS FROM `course` [ RunTime:0.6692s ]
SQL: SELECT * FROM `course` LIMIT 0,10   [ RunTime:0.0495s ]
SQL: SELECT COUNT(*) AS tp_count FROM `course` LIMIT 1   [ RunTime:0.0149s ]
NOTIC: [8] Undefined index: query E:\xampp\htdocs\study\thinkphp\ThinkPHP\Library\Org\Util\MyPager.class.php 第 50 行.
INFO: [ view_parse ] --START--
INFO: [ template_filter ] --START--
INFO: Run Behavior\ContentReplaceBehavior [ RunTime:0.000090s ]
INFO: [ template_filter ] --END-- [ RunTime:0.000163s ]
INFO: Run Behavior\ParseTemplateBehavior [ RunTime:1.844056s ]
INFO: [ view_parse ] --END-- [ RunTime:1.844166s ]
INFO: [ view_filter ] --START--
INFO: Run Behavior\WriteHtmlCacheBehavior [ RunTime:0.180860s ]
INFO: [ view_filter ] --END-- [ RunTime:0.180935s ]
INFO: [ app_end ] --START--
INFO: Run Behavior\ShowPageTraceBehavior [ RunTime:0.073698s ]
INFO: [ app_end ] --END-- [ RunTime:0.073811s ]

[ 2015-05-06T07:19:12+08:00 ] ::1 /study/thinkphp/index.php/home/test
INFO: [ app_init ] --START--
INFO: Run Behavior\BuildLiteBehavior [ RunTime:0.000019s ]
INFO: [ app_init ] --END-- [ RunTime:0.000551s ]
INFO: [ app_begin ] --START--
INFO: Run Behavior\ReadHtmlCacheBehavior [ RunTime:0.000857s ]
INFO: [ app_begin ] --END-- [ RunTime:0.000947s ]
NOTIC: [8] A session had already been started - ignoring session_start() E:\xampp\htdocs\study\thinkphp\Apps\Home\Controller\TestController.class.php 第 4 行.
NOTIC: [8] Undefined index: page E:\xampp\htdocs\study\thinkphp\Apps\Home\Controller\TestController.class.php 第 8 行.
NOTIC: [8] Undefined index: uname E:\xampp\htdocs\study\thinkphp\Apps\Home\Controller\TestController.class.php 第 10 行.
SQL: SHOW COLUMNS FROM `course` [ RunTime:0.0302s ]
SQL: SELECT * FROM `course` LIMIT 0,10   [ RunTime:0.0007s ]
SQL: SELECT COUNT(*) AS tp_count FROM `course` LIMIT 1   [ RunTime:0.0008s ]
NOTIC: [8] Undefined index: query E:\xampp\htdocs\study\thinkphp\ThinkPHP\Library\Org\Util\MyPager.class.php 第 50 行.
INFO: [ view_parse ] --START--
INFO: [ template_filter ] --START--
INFO: Run Behavior\ContentReplaceBehavior [ RunTime:0.000088s ]
INFO: [ template_filter ] --END-- [ RunTime:0.000158s ]
INFO: Run Behavior\ParseTemplateBehavior [ RunTime:0.022211s ]
INFO: [ view_parse ] --END-- [ RunTime:0.022299s ]
INFO: [ view_filter ] --START--
INFO: Run Behavior\WriteHtmlCacheBehavior [ RunTime:0.000579s ]
INFO: [ view_filter ] --END-- [ RunTime:0.000650s ]
INFO: [ app_end ] --START--
INFO: Run Behavior\ShowPageTraceBehavior [ RunTime:0.001436s ]
INFO: [ app_end ] --END-- [ RunTime:0.001559s ]

[ 2015-05-06T07:19:25+08:00 ] ::1 /study/thinkphp/index.php/home/test?page=2
INFO: [ app_init ] --START--
INFO: Run Behavior\BuildLiteBehavior [ RunTime:0.000018s ]
INFO: [ app_init ] --END-- [ RunTime:0.000517s ]
INFO: [ app_begin ] --START--
INFO: Run Behavior\ReadHtmlCacheBehavior [ RunTime:0.000789s ]
INFO: [ app_begin ] --END-- [ RunTime:0.000858s ]
NOTIC: [8] A session had already been started - ignoring session_start() E:\xampp\htdocs\study\thinkphp\Apps\Home\Controller\TestController.class.php 第 4 行.
NOTIC: [8] Undefined index: uname E:\xampp\htdocs\study\thinkphp\Apps\Home\Controller\TestController.class.php 第 10 行.
SQL: SHOW COLUMNS FROM `course` [ RunTime:0.0131s ]
SQL: SELECT * FROM `course` LIMIT 10,10   [ RunTime:0.0007s ]
SQL: SELECT COUNT(*) AS tp_count FROM `course` LIMIT 1   [ RunTime:0.0005s ]
INFO: [ view_parse ] --START--
INFO: [ template_filter ] --START--
INFO: Run Behavior\ContentReplaceBehavior [ RunTime:0.000101s ]
INFO: [ template_filter ] --END-- [ RunTime:0.000180s ]
INFO: Run Behavior\ParseTemplateBehavior [ RunTime:0.021839s ]
INFO: [ view_parse ] --END-- [ RunTime:0.021931s ]
INFO: [ view_filter ] --START--
INFO: Run Behavior\WriteHtmlCacheBehavior [ RunTime:0.000560s ]
INFO: [ view_filter ] --END-- [ RunTime:0.000618s ]
INFO: [ app_end ] --START--
INFO: Run Behavior\ShowPageTraceBehavior [ RunTime:0.001200s ]
INFO: [ app_end ] --END-- [ RunTime:0.001288s ]

[ 2015-05-06T07:19:27+08:00 ] ::1 /study/thinkphp/index.php/home/test?page=1
INFO: [ app_init ] --START--
INFO: Run Behavior\BuildLiteBehavior [ RunTime:0.000019s ]
INFO: [ app_init ] --END-- [ RunTime:0.000645s ]
INFO: [ app_begin ] --START--
INFO: Run Behavior\ReadHtmlCacheBehavior [ RunTime:0.017638s ]
INFO: [ app_begin ] --END-- [ RunTime:0.017754s ]
NOTIC: [8] A session had already been started - ignoring session_start() E:\xampp\htdocs\study\thinkphp\Apps\Home\Controller\TestController.class.php 第 4 行.
NOTIC: [8] Undefined index: uname E:\xampp\htdocs\study\thinkphp\Apps\Home\Controller\TestController.class.php 第 10 行.
SQL: SHOW COLUMNS FROM `course` [ RunTime:0.0103s ]
SQL: SELECT * FROM `course` LIMIT 0,10   [ RunTime:0.0007s ]
SQL: SELECT COUNT(*) AS tp_count FROM `course` LIMIT 1   [ RunTime:0.0004s ]
INFO: [ view_parse ] --START--
INFO: [ template_filter ] --START--
INFO: Run Behavior\ContentReplaceBehavior [ RunTime:0.000095s ]
INFO: [ template_filter ] --END-- [ RunTime:0.000171s ]
INFO: Run Behavior\ParseTemplateBehavior [ RunTime:0.021671s ]
INFO: [ view_parse ] --END-- [ RunTime:0.021761s ]
INFO: [ view_filter ] --START--
INFO: Run Behavior\WriteHtmlCacheBehavior [ RunTime:0.000553s ]
INFO: [ view_filter ] --END-- [ RunTime:0.000609s ]
INFO: [ app_end ] --START--
INFO: Run Behavior\ShowPageTraceBehavior [ RunTime:0.000974s ]
INFO: [ app_end ] --END-- [ RunTime:0.001067s ]

[ 2015-05-06T07:19:57+08:00 ] ::1 /study/thinkphp/index.php/home/test/add
INFO: [ app_init ] --START--
INFO: Run Behavior\BuildLiteBehavior [ RunTime:0.000020s ]
INFO: [ app_init ] --END-- [ RunTime:0.000572s ]
INFO: [ app_begin ] --START--
INFO: Run Behavior\ReadHtmlCacheBehavior [ RunTime:0.000831s ]
INFO: [ app_begin ] --END-- [ RunTime:0.000922s ]
NOTIC: [8] A session had already been started - ignoring session_start() E:\xampp\htdocs\study\thinkphp\Apps\Home\Controller\TestController.class.php 第 4 行.
NOTIC: [8] Undefined index: uname E:\xampp\htdocs\study\thinkphp\Apps\Home\Controller\TestController.class.php 第 108 行.
NOTIC: [8] Undefined index: name E:\xampp\htdocs\study\thinkphp\Apps\Home\Controller\TestController.class.php 第 109 行.
NOTIC: [8] Undefined index: password E:\xampp\htdocs\study\thinkphp\Apps\Home\Controller\TestController.class.php 第 110 行.
SQL: SHOW COLUMNS FROM `user` [ RunTime:0.0290s ]
NOTIC: [8] Undefined variable: data E:\xampp\htdocs\study\thinkphp\Apps\Home\Controller\TestController.class.php 第 113 行.
INFO: [ view_parse ] --START--
INFO: [ template_filter ] --START--
INFO: Run Behavior\ContentReplaceBehavior [ RunTime:0.000043s ]
INFO: [ template_filter ] --END-- [ RunTime:0.000127s ]
INFO: Run Behavior\ParseTemplateBehavior [ RunTime:0.021017s ]
INFO: [ view_parse ] --END-- [ RunTime:0.021145s ]
INFO: [ view_filter ] --START--
INFO: Run Behavior\WriteHtmlCacheBehavior [ RunTime:0.000639s ]
INFO: [ view_filter ] --END-- [ RunTime:0.000697s ]
INFO: [ app_end ] --START--
INFO: Run Behavior\ShowPageTraceBehavior [ RunTime:0.000888s ]
INFO: [ app_end ] --END-- [ RunTime:0.000952s ]

[ 2015-05-06T07:23:13+08:00 ] ::1 /study/thinkphp/index.php/home/test?page=1
INFO: [ app_init ] --START--
INFO: Run Behavior\BuildLiteBehavior [ RunTime:0.000020s ]
INFO: [ app_init ] --END-- [ RunTime:0.000709s ]
INFO: [ app_begin ] --START--
INFO: Run Behavior\ReadHtmlCacheBehavior [ RunTime:0.001907s ]
INFO: [ app_begin ] --END-- [ RunTime:0.002146s ]
NOTIC: [8] A session had already been started - ignoring session_start() E:\xampp\htdocs\study\thinkphp\Apps\Home\Controller\TestController.class.php 第 4 行.
NOTIC: [8] Undefined index: uname E:\xampp\htdocs\study\thinkphp\Apps\Home\Controller\TestController.class.php 第 10 行.
SQL: SHOW COLUMNS FROM `course` [ RunTime:0.0513s ]
SQL: SELECT * FROM `course` LIMIT 0,10   [ RunTime:0.0014s ]
SQL: SELECT COUNT(*) AS tp_count FROM `course` LIMIT 1   [ RunTime:0.0007s ]
INFO: [ view_parse ] --START--
INFO: [ template_filter ] --START--
INFO: Run Behavior\ContentReplaceBehavior [ RunTime:0.000179s ]
INFO: [ template_filter ] --END-- [ RunTime:0.000297s ]
INFO: Run Behavior\ParseTemplateBehavior [ RunTime:0.030513s ]
INFO: [ view_parse ] --END-- [ RunTime:0.030652s ]
INFO: [ view_filter ] --START--
INFO: Run Behavior\WriteHtmlCacheBehavior [ RunTime:0.000653s ]
INFO: [ view_filter ] --END-- [ RunTime:0.000725s ]
INFO: [ app_end ] --START--
INFO: Run Behavior\ShowPageTraceBehavior [ RunTime:0.001729s ]
INFO: [ app_end ] --END-- [ RunTime:0.001938s ]

[ 2015-05-06T07:23:16+08:00 ] ::1 /study/thinkphp/index.php/home/test/add
INFO: [ app_init ] --START--
INFO: Run Behavior\BuildLiteBehavior [ RunTime:0.000024s ]
INFO: [ app_init ] --END-- [ RunTime:0.000624s ]
INFO: [ app_begin ] --START--
INFO: Run Behavior\ReadHtmlCacheBehavior [ RunTime:0.000860s ]
INFO: [ app_begin ] --END-- [ RunTime:0.000936s ]
NOTIC: [8] A session had already been started - ignoring session_start() E:\xampp\htdocs\study\thinkphp\Apps\Home\Controller\TestController.class.php 第 4 行.
NOTIC: [8] Undefined index: uname E:\xampp\htdocs\study\thinkphp\Apps\Home\Controller\TestController.class.php 第 108 行.
NOTIC: [8] Undefined index: name E:\xampp\htdocs\study\thinkphp\Apps\Home\Controller\TestController.class.php 第 109 行.
NOTIC: [8] Undefined index: password E:\xampp\htdocs\study\thinkphp\Apps\Home\Controller\TestController.class.php 第 110 行.
SQL: SHOW COLUMNS FROM `user` [ RunTime:0.0373s ]
NOTIC: [8] Undefined variable: data E:\xampp\htdocs\study\thinkphp\Apps\Home\Controller\TestController.class.php 第 113 行.
INFO: [ view_parse ] --START--
INFO: [ template_filter ] --START--
INFO: Run Behavior\ContentReplaceBehavior [ RunTime:0.000047s ]
INFO: [ template_filter ] --END-- [ RunTime:0.000145s ]
INFO: Run Behavior\ParseTemplateBehavior [ RunTime:0.025750s ]
INFO: [ view_parse ] --END-- [ RunTime:0.025848s ]
INFO: [ view_filter ] --START--
INFO: Run Behavior\WriteHtmlCacheBehavior [ RunTime:0.000578s ]
INFO: [ view_filter ] --END-- [ RunTime:0.000643s ]
INFO: [ app_end ] --START--
INFO: Run Behavior\ShowPageTraceBehavior [ RunTime:0.000835s ]
INFO: [ app_end ] --END-- [ RunTime:0.000901s ]

[ 2015-05-06T07:23:51+08:00 ] ::1 /study/thinkphp/index.php/home/test/add
INFO: [ app_init ] --START--
INFO: Run Behavior\BuildLiteBehavior [ RunTime:0.000018s ]
INFO: [ app_init ] --END-- [ RunTime:0.000532s ]
INFO: [ app_begin ] --START--
INFO: Run Behavior\ReadHtmlCacheBehavior [ RunTime:0.000791s ]
INFO: [ app_begin ] --END-- [ RunTime:0.000862s ]
NOTIC: [8] A session had already been started - ignoring session_start() E:\xampp\htdocs\study\thinkphp\Apps\Home\Controller\TestController.class.php 第 4 行.
NOTIC: [8] Undefined index: uname E:\xampp\htdocs\study\thinkphp\Apps\Home\Controller\TestController.class.php 第 108 行.
NOTIC: [8] Undefined index: name E:\xampp\htdocs\study\thinkphp\Apps\Home\Controller\TestController.class.php 第 109 行.
NOTIC: [8] Undefined index: password E:\xampp\htdocs\study\thinkphp\Apps\Home\Controller\TestController.class.php 第 110 行.
SQL: SHOW COLUMNS FROM `user` [ RunTime:0.0096s ]
NOTIC: [8] Undefined variable: data E:\xampp\htdocs\study\thinkphp\Apps\Home\Controller\TestController.class.php 第 113 行.
INFO: [ view_parse ] --START--
INFO: [ template_filter ] --START--
INFO: Run Behavior\ContentReplaceBehavior [ RunTime:0.000042s ]
INFO: [ template_filter ] --END-- [ RunTime:0.000112s ]
INFO: Run Behavior\ParseTemplateBehavior [ RunTime:0.013032s ]
INFO: [ view_parse ] --END-- [ RunTime:0.013123s ]
INFO: [ view_filter ] --START--
INFO: Run Behavior\WriteHtmlCacheBehavior [ RunTime:0.000557s ]
INFO: [ view_filter ] --END-- [ RunTime:0.000612s ]
INFO: [ app_end ] --START--
INFO: Run Behavior\ShowPageTraceBehavior [ RunTime:0.000818s ]
INFO: [ app_end ] --END-- [ RunTime:0.000875s ]

[ 2015-05-06T07:24:22+08:00 ] ::1 /study/thinkphp/index.php/home/test/add
INFO: [ app_init ] --START--
INFO: Run Behavior\BuildLiteBehavior [ RunTime:0.000021s ]
INFO: [ app_init ] --END-- [ RunTime:0.000653s ]
INFO: [ app_begin ] --START--
INFO: Run Behavior\ReadHtmlCacheBehavior [ RunTime:0.001054s ]
INFO: [ app_begin ] --END-- [ RunTime:0.001174s ]
NOTIC: [8] A session had already been started - ignoring session_start() E:\xampp\htdocs\study\thinkphp\Apps\Home\Controller\TestController.class.php 第 4 行.
NOTIC: [8] Undefined index: name E:\xampp\htdocs\study\thinkphp\Apps\Home\Controller\TestController.class.php 第 109 行.
NOTIC: [8] Undefined index: password E:\xampp\htdocs\study\thinkphp\Apps\Home\Controller\TestController.class.php 第 110 行.
SQL: SHOW COLUMNS FROM `user` [ RunTime:0.0185s ]
NOTIC: [8] Undefined variable: data E:\xampp\htdocs\study\thinkphp\Apps\Home\Controller\TestController.class.php 第 113 行.
INFO: [ view_parse ] --START--
INFO: [ template_filter ] --START--
INFO: Run Behavior\ContentReplaceBehavior [ RunTime:0.000147s ]
INFO: [ template_filter ] --END-- [ RunTime:0.000470s ]
INFO: Run Behavior\ParseTemplateBehavior [ RunTime:0.014132s ]
INFO: [ view_parse ] --END-- [ RunTime:0.014238s ]
INFO: [ view_filter ] --START--
INFO: Run Behavior\WriteHtmlCacheBehavior [ RunTime:0.000961s ]
INFO: [ view_filter ] --END-- [ RunTime:0.001046s ]
INFO: [ app_end ] --START--
INFO: Run Behavior\ShowPageTraceBehavior [ RunTime:0.001016s ]
INFO: [ app_end ] --END-- [ RunTime:0.001082s ]

[ 2015-05-06T07:24:54+08:00 ] ::1 /study/thinkphp/index.php/home/test/add
INFO: [ app_init ] --START--
INFO: Run Behavior\BuildLiteBehavior [ RunTime:0.000019s ]
INFO: [ app_init ] --END-- [ RunTime:0.000544s ]
INFO: [ app_begin ] --START--
INFO: Run Behavior\ReadHtmlCacheBehavior [ RunTime:0.001316s ]
INFO: [ app_begin ] --END-- [ RunTime:0.001441s ]
NOTIC: [8] A session had already been started - ignoring session_start() E:\xampp\htdocs\study\thinkphp\Apps\Home\Controller\TestController.class.php 第 4 行.
NOTIC: [8] Undefined index: name E:\xampp\htdocs\study\thinkphp\Apps\Home\Controller\TestController.class.php 第 109 行.
NOTIC: [8] Undefined index: password E:\xampp\htdocs\study\thinkphp\Apps\Home\Controller\TestController.class.php 第 110 行.
SQL: SHOW COLUMNS FROM `user` [ RunTime:0.0126s ]
NOTIC: [8] Undefined variable: data E:\xampp\htdocs\study\thinkphp\Apps\Home\Controller\TestController.class.php 第 113 行.
INFO: [ view_parse ] --START--
INFO: [ template_filter ] --START--
INFO: Run Behavior\ContentReplaceBehavior [ RunTime:0.000043s ]
INFO: [ template_filter ] --END-- [ RunTime:0.000119s ]
INFO: Run Behavior\ParseTemplateBehavior [ RunTime:0.012410s ]
INFO: [ view_parse ] --END-- [ RunTime:0.012499s ]
INFO: [ view_filter ] --START--
INFO: Run Behavior\WriteHtmlCacheBehavior [ RunTime:0.000586s ]
INFO: [ view_filter ] --END-- [ RunTime:0.000642s ]
INFO: [ app_end ] --START--
INFO: Run Behavior\ShowPageTraceBehavior [ RunTime:0.000884s ]
INFO: [ app_end ] --END-- [ RunTime:0.000956s ]

[ 2015-05-06T07:24:55+08:00 ] ::1 /study/thinkphp/index.php/home/test/add
INFO: [ app_init ] --START--
INFO: Run Behavior\BuildLiteBehavior [ RunTime:0.000019s ]
INFO: [ app_init ] --END-- [ RunTime:0.000532s ]
INFO: [ app_begin ] --START--
INFO: Run Behavior\ReadHtmlCacheBehavior [ RunTime:0.000784s ]
INFO: [ app_begin ] --END-- [ RunTime:0.000855s ]
NOTIC: [8] A session had already been started - ignoring session_start() E:\xampp\htdocs\study\thinkphp\Apps\Home\Controller\TestController.class.php 第 4 行.
NOTIC: [8] Undefined index: name E:\xampp\htdocs\study\thinkphp\Apps\Home\Controller\TestController.class.php 第 109 行.
NOTIC: [8] Undefined index: password E:\xampp\htdocs\study\thinkphp\Apps\Home\Controller\TestController.class.php 第 110 行.
SQL: SHOW COLUMNS FROM `user` [ RunTime:0.0105s ]
NOTIC: [8] Undefined variable: data E:\xampp\htdocs\study\thinkphp\Apps\Home\Controller\TestController.class.php 第 113 行.
INFO: [ view_parse ] --START--
INFO: [ template_filter ] --START--
INFO: Run Behavior\ContentReplaceBehavior [ RunTime:0.000045s ]
INFO: [ template_filter ] --END-- [ RunTime:0.000120s ]
INFO: Run Behavior\ParseTemplateBehavior [ RunTime:0.057753s ]
INFO: [ view_parse ] --END-- [ RunTime:0.057846s ]
INFO: [ view_filter ] --START--
INFO: Run Behavior\WriteHtmlCacheBehavior [ RunTime:0.000559s ]
INFO: [ view_filter ] --END-- [ RunTime:0.000615s ]
INFO: [ app_end ] --START--
INFO: Run Behavior\ShowPageTraceBehavior [ RunTime:0.000874s ]
INFO: [ app_end ] --END-- [ RunTime:0.000952s ]

[ 2015-05-06T07:25:35+08:00 ] ::1 /study/thinkphp/index.php/home/test?page=1
INFO: [ app_init ] --START--
INFO: Run Behavior\BuildLiteBehavior [ RunTime:0.000019s ]
INFO: [ app_init ] --END-- [ RunTime:0.000604s ]
INFO: [ app_begin ] --START--
INFO: Run Behavior\ReadHtmlCacheBehavior [ RunTime:0.002399s ]
INFO: [ app_begin ] --END-- [ RunTime:0.002729s ]
NOTIC: [8] A session had already been started - ignoring session_start() E:\xampp\htdocs\study\thinkphp\Apps\Home\Controller\TestController.class.php 第 4 行.
NOTIC: [8] Undefined index: uname E:\xampp\htdocs\study\thinkphp\Apps\Home\Controller\TestController.class.php 第 10 行.
SQL: SHOW COLUMNS FROM `course` [ RunTime:0.0274s ]
SQL: SELECT * FROM `course` LIMIT 0,10   [ RunTime:0.0007s ]
SQL: SELECT COUNT(*) AS tp_count FROM `course` LIMIT 1   [ RunTime:0.0004s ]
INFO: [ view_parse ] --START--
INFO: [ template_filter ] --START--
INFO: Run Behavior\ContentReplaceBehavior [ RunTime:0.000165s ]
INFO: [ template_filter ] --END-- [ RunTime:0.000284s ]
INFO: Run Behavior\ParseTemplateBehavior [ RunTime:0.038452s ]
INFO: [ view_parse ] --END-- [ RunTime:0.038570s ]
INFO: [ view_filter ] --START--
INFO: Run Behavior\WriteHtmlCacheBehavior [ RunTime:0.000645s ]
INFO: [ view_filter ] --END-- [ RunTime:0.000705s ]
INFO: [ app_end ] --START--
INFO: Run Behavior\ShowPageTraceBehavior [ RunTime:0.001208s ]
INFO: [ app_end ] --END-- [ RunTime:0.001304s ]

[ 2015-05-06T07:25:37+08:00 ] ::1 /study/thinkphp/index.php/home/test?page=1
INFO: [ app_init ] --START--
INFO: Run Behavior\BuildLiteBehavior [ RunTime:0.000018s ]
INFO: [ app_init ] --END-- [ RunTime:0.000522s ]
INFO: [ app_begin ] --START--
INFO: Run Behavior\ReadHtmlCacheBehavior [ RunTime:0.001093s ]
INFO: [ app_begin ] --END-- [ RunTime:0.001169s ]
NOTIC: [8] A session had already been started - ignoring session_start() E:\xampp\htdocs\study\thinkphp\Apps\Home\Controller\TestController.class.php 第 4 行.
NOTIC: [8] Undefined index: uname E:\xampp\htdocs\study\thinkphp\Apps\Home\Controller\TestController.class.php 第 10 行.
SQL: SHOW COLUMNS FROM `course` [ RunTime:0.0710s ]
SQL: SELECT * FROM `course` LIMIT 0,10   [ RunTime:0.0007s ]
SQL: SELECT COUNT(*) AS tp_count FROM `course` LIMIT 1   [ RunTime:0.0004s ]
INFO: [ view_parse ] --START--
INFO: [ template_filter ] --START--
INFO: Run Behavior\ContentReplaceBehavior [ RunTime:0.000120s ]
INFO: [ template_filter ] --END-- [ RunTime:0.000194s ]
INFO: Run Behavior\ParseTemplateBehavior [ RunTime:0.023090s ]
INFO: [ view_parse ] --END-- [ RunTime:0.023196s ]
INFO: [ view_filter ] --START--
INFO: Run Behavior\WriteHtmlCacheBehavior [ RunTime:0.000609s ]
INFO: [ view_filter ] --END-- [ RunTime:0.000680s ]
INFO: [ app_end ] --START--
INFO: Run Behavior\ShowPageTraceBehavior [ RunTime:0.001223s ]
INFO: [ app_end ] --END-- [ RunTime:0.001333s ]

[ 2015-05-06T07:25:43+08:00 ] ::1 /study/thinkphp/index.php/home/plans.html
INFO: [ app_init ] --START--
INFO: Run Behavior\BuildLiteBehavior [ RunTime:0.000019s ]
INFO: [ app_init ] --END-- [ RunTime:0.000596s ]
INFO: [ app_begin ] --START--
INFO: Run Behavior\ReadHtmlCacheBehavior [ RunTime:0.000877s ]
INFO: [ app_begin ] --END-- [ RunTime:0.000969s ]
ERR: 无法加载控制器:Plans

[ 2015-05-06T07:26:54+08:00 ] ::1 /study/thinkphp/index.php/home/test?page=1
INFO: [ app_init ] --START--
INFO: Run Behavior\BuildLiteBehavior [ RunTime:0.000050s ]
INFO: [ app_init ] --END-- [ RunTime:0.001141s ]
INFO: [ app_begin ] --START--
INFO: Run Behavior\ReadHtmlCacheBehavior [ RunTime:0.001209s ]
INFO: [ app_begin ] --END-- [ RunTime:0.001347s ]
NOTIC: [8] A session had already been started - ignoring session_start() E:\xampp\htdocs\study\thinkphp\Apps\Home\Controller\TestController.class.php 第 4 行.
NOTIC: [8] Undefined index: uname E:\xampp\htdocs\study\thinkphp\Apps\Home\Controller\TestController.class.php 第 10 行.
SQL: SHOW COLUMNS FROM `course` [ RunTime:0.0153s ]
SQL: SELECT * FROM `course` LIMIT 0,10   [ RunTime:0.0011s ]
SQL: SELECT COUNT(*) AS tp_count FROM `course` LIMIT 1   [ RunTime:0.0006s ]
INFO: [ view_parse ] --START--
INFO: [ template_filter ] --START--
INFO: Run Behavior\ContentReplaceBehavior [ RunTime:0.000192s ]
INFO: [ template_filter ] --END-- [ RunTime:0.000382s ]
INFO: Run Behavior\ParseTemplateBehavior [ RunTime:0.030164s ]
INFO: [ view_parse ] --END-- [ RunTime:0.030307s ]
INFO: [ view_filter ] --START--
INFO: Run Behavior\WriteHtmlCacheBehavior [ RunTime:0.000777s ]
INFO: [ view_filter ] --END-- [ RunTime:0.000869s ]
INFO: [ app_end ] --START--
INFO: Run Behavior\ShowPageTraceBehavior [ RunTime:0.001788s ]
INFO: [ app_end ] --END-- [ RunTime:0.001955s ]

[ 2015-05-06T07:27:22+08:00 ] ::1 /study/thinkphp/index.php/home/test?page=1
INFO: [ app_init ] --START--
INFO: Run Behavior\BuildLiteBehavior [ RunTime:0.000019s ]
INFO: [ app_init ] --END-- [ RunTime:0.000535s ]
INFO: [ app_begin ] --START--
INFO: Run Behavior\ReadHtmlCacheBehavior [ RunTime:0.000966s ]
INFO: [ app_begin ] --END-- [ RunTime:0.001045s ]
NOTIC: [8] A session had already been started - ignoring session_start() E:\xampp\htdocs\study\thinkphp\Apps\Home\Controller\TestController.class.php 第 4 行.
NOTIC: [8] Undefined index: uname E:\xampp\htdocs\study\thinkphp\Apps\Home\Controller\TestController.class.php 第 10 行.
SQL: SHOW COLUMNS FROM `course` [ RunTime:0.0122s ]
SQL: SELECT * FROM `course` LIMIT 0,10   [ RunTime:0.0007s ]
SQL: SELECT COUNT(*) AS tp_count FROM `course` LIMIT 1   [ RunTime:0.0004s ]
INFO: [ view_parse ] --START--
INFO: [ template_filter ] --START--
INFO: Run Behavior\ContentReplaceBehavior [ RunTime:0.000107s ]
INFO: [ template_filter ] --END-- [ RunTime:0.000186s ]
INFO: Run Behavior\ParseTemplateBehavior [ RunTime:0.024293s ]
INFO: [ view_parse ] --END-- [ RunTime:0.024384s ]
INFO: [ view_filter ] --START--
INFO: Run Behavior\WriteHtmlCacheBehavior [ RunTime:0.000588s ]
INFO: [ view_filter ] --END-- [ RunTime:0.000657s ]
INFO: [ app_end ] --START--
INFO: Run Behavior\ShowPageTraceBehavior [ RunTime:0.001326s ]
INFO: [ app_end ] --END-- [ RunTime:0.001446s ]

[ 2015-05-06T07:29:18+08:00 ] ::1 /study/thinkphp/index.php/home/course
INFO: [ app_init ] --START--
INFO: Run Behavior\BuildLiteBehavior [ RunTime:0.000018s ]
INFO: [ app_init ] --END-- [ RunTime:0.000552s ]
INFO: [ app_begin ] --START--
INFO: Run Behavior\ReadHtmlCacheBehavior [ RunTime:0.000835s ]
INFO: [ app_begin ] --END-- [ RunTime:0.000903s ]
NOTIC: [8] A session had already been started - ignoring session_start() E:\xampp\htdocs\study\thinkphp\Apps\Home\Controller\CourseController.class.php 第 4 行.
INFO: [ view_parse ] --START--
INFO: [ template_filter ] --START--
INFO: Run Behavior\ContentReplaceBehavior [ RunTime:0.000174s ]
INFO: [ template_filter ] --END-- [ RunTime:0.000404s ]
NOTIC: [2] include(/study/thinkphp/apps/home/view/course/index.html): failed to open stream: No such file or directory E:\xampp\htdocs\study\thinkphp\Apps\Runtime\Cache\Home\3ad036dbd9389f6033e461e62fe6382f.php 第 7 行.
NOTIC: [2] include(): Failed opening '/study/thinkphp/apps/home/view/course/index.html' for inclusion (include_path='.;E:\xampp\php\PEAR') E:\xampp\htdocs\study\thinkphp\Apps\Runtime\Cache\Home\3ad036dbd9389f6033e461e62fe6382f.php 第 7 行.
NOTIC: [8] Undefined variable: data E:\xampp\htdocs\study\thinkphp\Apps\Runtime\Cache\Home\3ad036dbd9389f6033e461e62fe6382f.php 第 211 行.
NOTIC: [8] Undefined variable: page E:\xampp\htdocs\study\thinkphp\Apps\Runtime\Cache\Home\3ad036dbd9389f6033e461e62fe6382f.php 第 256 行.
INFO: Run Behavior\ParseTemplateBehavior [ RunTime:0.229459s ]
INFO: [ view_parse ] --END-- [ RunTime:0.229560s ]
INFO: [ view_filter ] --START--
INFO: Run Behavior\WriteHtmlCacheBehavior [ RunTime:0.000602s ]
INFO: [ view_filter ] --END-- [ RunTime:0.000655s ]
INFO: [ app_end ] --START--
INFO: Run Behavior\ShowPageTraceBehavior [ RunTime:0.001252s ]
INFO: [ app_end ] --END-- [ RunTime:0.001375s ]

[ 2015-05-06T07:29:35+08:00 ] ::1 /study/thinkphp/index.php/home/test
INFO: [ app_init ] --START--
INFO: Run Behavior\BuildLiteBehavior [ RunTime:0.000018s ]
INFO: [ app_init ] --END-- [ RunTime:0.000609s ]
INFO: [ app_begin ] --START--
INFO: Run Behavior\ReadHtmlCacheBehavior [ RunTime:0.000883s ]
INFO: [ app_begin ] --END-- [ RunTime:0.000973s ]
NOTIC: [8] A session had already been started - ignoring session_start() E:\xampp\htdocs\study\thinkphp\Apps\Home\Controller\TestController.class.php 第 4 行.
NOTIC: [8] Undefined index: page E:\xampp\htdocs\study\thinkphp\Apps\Home\Controller\TestController.class.php 第 8 行.
NOTIC: [8] Undefined index: uname E:\xampp\htdocs\study\thinkphp\Apps\Home\Controller\TestController.class.php 第 10 行.
SQL: SHOW COLUMNS FROM `course` [ RunTime:0.0096s ]
SQL: SELECT * FROM `course` LIMIT 0,10   [ RunTime:0.0008s ]
SQL: SELECT COUNT(*) AS tp_count FROM `course` LIMIT 1   [ RunTime:0.0005s ]
NOTIC: [8] Undefined index: query E:\xampp\htdocs\study\thinkphp\ThinkPHP\Library\Org\Util\MyPager.class.php 第 50 行.
INFO: [ view_parse ] --START--
INFO: [ template_filter ] --START--
INFO: Run Behavior\ContentReplaceBehavior [ RunTime:0.000090s ]
INFO: [ template_filter ] --END-- [ RunTime:0.000159s ]
INFO: Run Behavior\ParseTemplateBehavior [ RunTime:0.020653s ]
INFO: [ view_parse ] --END-- [ RunTime:0.020770s ]
INFO: [ view_filter ] --START--
INFO: Run Behavior\WriteHtmlCacheBehavior [ RunTime:0.000411s ]
INFO: [ view_filter ] --END-- [ RunTime:0.000467s ]
INFO: [ app_end ] --START--
INFO: Run Behavior\ShowPageTraceBehavior [ RunTime:0.001402s ]
INFO: [ app_end ] --END-- [ RunTime:0.001505s ]

[ 2015-05-06T07:29:36+08:00 ] ::1 /study/thinkphp/index.php/home/test
INFO: [ app_init ] --START--
INFO: Run Behavior\BuildLiteBehavior [ RunTime:0.000019s ]
INFO: [ app_init ] --END-- [ RunTime:0.000613s ]
INFO: [ app_begin ] --START--
INFO: Run Behavior\ReadHtmlCacheBehavior [ RunTime:0.001156s ]
INFO: [ app_begin ] --END-- [ RunTime:0.001252s ]
NOTIC: [8] A session had already been started - ignoring session_start() E:\xampp\htdocs\study\thinkphp\Apps\Home\Controller\TestController.class.php 第 4 行.
NOTIC: [8] Undefined index: page E:\xampp\htdocs\study\thinkphp\Apps\Home\Controller\TestController.class.php 第 8 行.
NOTIC: [8] Undefined index: uname E:\xampp\htdocs\study\thinkphp\Apps\Home\Controller\TestController.class.php 第 10 行.
SQL: SHOW COLUMNS FROM `course` [ RunTime:0.0108s ]
SQL: SELECT * FROM `course` LIMIT 0,10   [ RunTime:0.0006s ]
SQL: SELECT COUNT(*) AS tp_count FROM `course` LIMIT 1   [ RunTime:0.0003s ]
NOTIC: [8] Undefined index: query E:\xampp\htdocs\study\thinkphp\ThinkPHP\Library\Org\Util\MyPager.class.php 第 50 行.
INFO: [ view_parse ] --START--
INFO: [ template_filter ] --START--
INFO: Run Behavior\ContentReplaceBehavior [ RunTime:0.000147s ]
INFO: [ template_filter ] --END-- [ RunTime:0.000290s ]
INFO: Run Behavior\ParseTemplateBehavior [ RunTime:0.022853s ]
INFO: [ view_parse ] --END-- [ RunTime:0.022961s ]
INFO: [ view_filter ] --START--
INFO: Run Behavior\WriteHtmlCacheBehavior [ RunTime:0.000413s ]
INFO: [ view_filter ] --END-- [ RunTime:0.000470s ]
INFO: [ app_end ] --START--
INFO: Run Behavior\ShowPageTraceBehavior [ RunTime:0.001174s ]
INFO: [ app_end ] --END-- [ RunTime:0.001273s ]

[ 2015-05-06T07:29:46+08:00 ] ::1 /study/thinkphp/index.php/home/test
INFO: [ app_init ] --START--
INFO: Run Behavior\BuildLiteBehavior [ RunTime:0.000018s ]
INFO: [ app_init ] --END-- [ RunTime:0.000525s ]
INFO: [ app_begin ] --START--
INFO: Run Behavior\ReadHtmlCacheBehavior [ RunTime:0.000844s ]
INFO: [ app_begin ] --END-- [ RunTime:0.000917s ]
NOTIC: [8] A session had already been started - ignoring session_start() E:\xampp\htdocs\study\thinkphp\Apps\Home\Controller\TestController.class.php 第 4 行.
NOTIC: [8] Undefined index: page E:\xampp\htdocs\study\thinkphp\Apps\Home\Controller\TestController.class.php 第 8 行.
NOTIC: [8] Undefined index: uname E:\xampp\htdocs\study\thinkphp\Apps\Home\Controller\TestController.class.php 第 10 行.
SQL: SHOW COLUMNS FROM `course` [ RunTime:0.0178s ]
SQL: SELECT * FROM `course` LIMIT 0,10   [ RunTime:0.0015s ]
SQL: SELECT COUNT(*) AS tp_count FROM `course` LIMIT 1   [ RunTime:0.0004s ]
NOTIC: [8] Undefined index: query E:\xampp\htdocs\study\thinkphp\ThinkPHP\Library\Org\Util\MyPager.class.php 第 50 行.
INFO: [ view_parse ] --START--
INFO: [ template_filter ] --START--
INFO: Run Behavior\ContentReplaceBehavior [ RunTime:0.000089s ]
INFO: [ template_filter ] --END-- [ RunTime:0.000161s ]
INFO: Run Behavior\ParseTemplateBehavior [ RunTime:0.021259s ]
INFO: [ view_parse ] --END-- [ RunTime:0.021366s ]
INFO: [ view_filter ] --START--
INFO: Run Behavior\WriteHtmlCacheBehavior [ RunTime:0.000798s ]
INFO: [ view_filter ] --END-- [ RunTime:0.000869s ]
INFO: [ app_end ] --START--
INFO: Run Behavior\ShowPageTraceBehavior [ RunTime:0.002522s ]
INFO: [ app_end ] --END-- [ RunTime:0.002824s ]

[ 2015-05-06T07:30:01+08:00 ] ::1 /study/thinkphp/index.php/home/test
INFO: [ app_init ] --START--
INFO: Run Behavior\BuildLiteBehavior [ RunTime:0.000031s ]
INFO: [ app_init ] --END-- [ RunTime:0.000833s ]
INFO: [ app_begin ] --START--
INFO: Run Behavior\ReadHtmlCacheBehavior [ RunTime:0.001202s ]
INFO: [ app_begin ] --END-- [ RunTime:0.001329s ]
NOTIC: [8] A session had already been started - ignoring session_start() E:\xampp\htdocs\study\thinkphp\Apps\Home\Controller\TestController.class.php 第 4 行.
NOTIC: [8] Undefined index: page E:\xampp\htdocs\study\thinkphp\Apps\Home\Controller\TestController.class.php 第 8 行.
NOTIC: [8] Undefined index: uname E:\xampp\htdocs\study\thinkphp\Apps\Home\Controller\TestController.class.php 第 10 行.
SQL: SHOW COLUMNS FROM `course` [ RunTime:0.0100s ]
SQL: SELECT * FROM `course` LIMIT 0,10   [ RunTime:0.0008s ]
SQL: SELECT COUNT(*) AS tp_count FROM `course` LIMIT 1   [ RunTime:0.0005s ]
NOTIC: [8] Undefined index: query E:\xampp\htdocs\study\thinkphp\ThinkPHP\Library\Org\Util\MyPager.class.php 第 50 行.
INFO: [ view_parse ] --START--
INFO: [ template_filter ] --START--
INFO: Run Behavior\ContentReplaceBehavior [ RunTime:0.000088s ]
INFO: [ template_filter ] --END-- [ RunTime:0.000156s ]
INFO: Run Behavior\ParseTemplateBehavior [ RunTime:0.020445s ]
INFO: [ view_parse ] --END-- [ RunTime:0.020593s ]
INFO: [ view_filter ] --START--
INFO: Run Behavior\WriteHtmlCacheBehavior [ RunTime:0.000499s ]
INFO: [ view_filter ] --END-- [ RunTime:0.000555s ]
INFO: [ app_end ] --START--
INFO: Run Behavior\ShowPageTraceBehavior [ RunTime:0.001233s ]
INFO: [ app_end ] --END-- [ RunTime:0.001354s ]

[ 2015-05-06T07:30:04+08:00 ] ::1 /study/thinkphp/index.php/home/test/add
INFO: [ app_init ] --START--
INFO: Run Behavior\BuildLiteBehavior [ RunTime:0.000030s ]
INFO: [ app_init ] --END-- [ RunTime:0.000667s ]
INFO: [ app_begin ] --START--
INFO: Run Behavior\ReadHtmlCacheBehavior [ RunTime:0.001675s ]
INFO: [ app_begin ] --END-- [ RunTime:0.001880s ]
NOTIC: [8] A session had already been started - ignoring session_start() E:\xampp\htdocs\study\thinkphp\Apps\Home\Controller\TestController.class.php 第 4 行.
NOTIC: [8] Undefined index: name E:\xampp\htdocs\study\thinkphp\Apps\Home\Controller\TestController.class.php 第 109 行.
NOTIC: [8] Undefined index: password E:\xampp\htdocs\study\thinkphp\Apps\Home\Controller\TestController.class.php 第 110 行.
SQL: SHOW COLUMNS FROM `user` [ RunTime:0.0099s ]
NOTIC: [8] Undefined variable: data E:\xampp\htdocs\study\thinkphp\Apps\Home\Controller\TestController.class.php 第 113 行.
INFO: [ view_parse ] --START--
INFO: [ template_filter ] --START--
INFO: Run Behavior\ContentReplaceBehavior [ RunTime:0.000045s ]
INFO: [ template_filter ] --END-- [ RunTime:0.000144s ]
INFO: Run Behavior\ParseTemplateBehavior [ RunTime:0.010993s ]
INFO: [ view_parse ] --END-- [ RunTime:0.011215s ]
INFO: [ view_filter ] --START--
INFO: Run Behavior\WriteHtmlCacheBehavior [ RunTime:0.000657s ]
INFO: [ view_filter ] --END-- [ RunTime:0.000741s ]
INFO: [ app_end ] --START--
INFO: Run Behavior\ShowPageTraceBehavior [ RunTime:0.000937s ]
INFO: [ app_end ] --END-- [ RunTime:0.000996s ]

[ 2015-05-06T07:38:00+08:00 ] ::1 /study/thinkphp/index.php/home/test
INFO: [ app_init ] --START--
INFO: Run Behavior\BuildLiteBehavior [ RunTime:0.000022s ]
INFO: [ app_init ] --END-- [ RunTime:0.000669s ]
INFO: [ app_begin ] --START--
INFO: Run Behavior\ReadHtmlCacheBehavior [ RunTime:0.000886s ]
INFO: [ app_begin ] --END-- [ RunTime:0.000958s ]
NOTIC: [8] A session had already been started - ignoring session_start() E:\xampp\htdocs\study\thinkphp\Apps\Home\Controller\TestController.class.php 第 4 行.
NOTIC: [8] Undefined index: page E:\xampp\htdocs\study\thinkphp\Apps\Home\Controller\TestController.class.php 第 8 行.
NOTIC: [8] Undefined index: uname E:\xampp\htdocs\study\thinkphp\Apps\Home\Controller\TestController.class.php 第 10 行.
SQL: SHOW COLUMNS FROM `course` [ RunTime:0.0188s ]
SQL: SELECT * FROM `course` LIMIT 0,10   [ RunTime:0.0013s ]
SQL: SELECT COUNT(*) AS tp_count FROM `course` LIMIT 1   [ RunTime:0.0004s ]
NOTIC: [8] Undefined index: query E:\xampp\htdocs\study\thinkphp\ThinkPHP\Library\Org\Util\MyPager.class.php 第 50 行.
INFO: [ view_parse ] --START--
INFO: [ template_filter ] --START--
INFO: Run Behavior\ContentReplaceBehavior [ RunTime:0.000103s ]
INFO: [ template_filter ] --END-- [ RunTime:0.000183s ]
INFO: Run Behavior\ParseTemplateBehavior [ RunTime:0.025097s ]
INFO: [ view_parse ] --END-- [ RunTime:0.025183s ]
INFO: [ view_filter ] --START--
INFO: Run Behavior\WriteHtmlCacheBehavior [ RunTime:0.000625s ]
INFO: [ view_filter ] --END-- [ RunTime:0.000680s ]
INFO: [ app_end ] --START--
INFO: Run Behavior\ShowPageTraceBehavior [ RunTime:0.001399s ]
INFO: [ app_end ] --END-- [ RunTime:0.001536s ]

[ 2015-05-06T07:38:15+08:00 ] ::1 /study/thinkphp/index.php/home/test
INFO: [ app_init ] --START--
INFO: Run Behavior\BuildLiteBehavior [ RunTime:0.000020s ]
INFO: [ app_init ] --END-- [ RunTime:0.000646s ]
INFO: [ app_begin ] --START--
INFO: Run Behavior\ReadHtmlCacheBehavior [ RunTime:0.001563s ]
INFO: [ app_begin ] --END-- [ RunTime:0.001748s ]
NOTIC: [8] A session had already been started - ignoring session_start() E:\xampp\htdocs\study\thinkphp\Apps\Home\Controller\TestController.class.php 第 4 行.
NOTIC: [8] Undefined index: page E:\xampp\htdocs\study\thinkphp\Apps\Home\Controller\TestController.class.php 第 8 行.
NOTIC: [8] Undefined index: uname E:\xampp\htdocs\study\thinkphp\Apps\Home\Controller\TestController.class.php 第 10 行.
SQL: SHOW COLUMNS FROM `course` [ RunTime:0.0154s ]
SQL: SELECT * FROM `course` LIMIT 0,10   [ RunTime:0.0010s ]
SQL: SELECT COUNT(*) AS tp_count FROM `course` LIMIT 1   [ RunTime:0.0006s ]
NOTIC: [8] Undefined index: query E:\xampp\htdocs\study\thinkphp\ThinkPHP\Library\Org\Util\MyPager.class.php 第 50 行.
INFO: [ view_parse ] --START--
INFO: [ template_filter ] --START--
INFO: Run Behavior\ContentReplaceBehavior [ RunTime:0.000150s ]
INFO: [ template_filter ] --END-- [ RunTime:0.000274s ]
INFO: Run Behavior\ParseTemplateBehavior [ RunTime:0.038000s ]
INFO: [ view_parse ] --END-- [ RunTime:0.038271s ]
INFO: [ view_filter ] --START--
INFO: Run Behavior\WriteHtmlCacheBehavior [ RunTime:0.002112s ]
INFO: [ view_filter ] --END-- [ RunTime:0.002237s ]
INFO: [ app_end ] --START--
INFO: Run Behavior\ShowPageTraceBehavior [ RunTime:0.003413s ]
INFO: [ app_end ] --END-- [ RunTime:0.003578s ]

[ 2015-05-06T07:38:28+08:00 ] ::1 /study/thinkphp/index.php/home/test
INFO: [ app_init ] --START--
INFO: Run Behavior\BuildLiteBehavior [ RunTime:0.000019s ]
INFO: [ app_init ] --END-- [ RunTime:0.000708s ]
INFO: [ app_begin ] --START--
INFO: Run Behavior\ReadHtmlCacheBehavior [ RunTime:0.000870s ]
INFO: [ app_begin ] --END-- [ RunTime:0.000950s ]
NOTIC: [8] A session had already been started - ignoring session_start() E:\xampp\htdocs\study\thinkphp\Apps\Home\Controller\TestController.class.php 第 4 行.
NOTIC: [8] Undefined index: page E:\xampp\htdocs\study\thinkphp\Apps\Home\Controller\TestController.class.php 第 8 行.
NOTIC: [8] Undefined index: uname E:\xampp\htdocs\study\thinkphp\Apps\Home\Controller\TestController.class.php 第 10 行.
SQL: SHOW COLUMNS FROM `course` [ RunTime:0.1176s ]
SQL: SELECT * FROM `course` LIMIT 0,10   [ RunTime:0.0007s ]
SQL: SELECT COUNT(*) AS tp_count FROM `course` LIMIT 1   [ RunTime:0.0005s ]
NOTIC: [8] Undefined index: query E:\xampp\htdocs\study\thinkphp\ThinkPHP\Library\Org\Util\MyPager.class.php 第 50 行.
INFO: [ view_parse ] --START--
INFO: [ template_filter ] --START--
INFO: Run Behavior\ContentReplaceBehavior [ RunTime:0.000089s ]
INFO: [ template_filter ] --END-- [ RunTime:0.000159s ]
INFO: Run Behavior\ParseTemplateBehavior [ RunTime:0.028753s ]
INFO: [ view_parse ] --END-- [ RunTime:0.028842s ]
INFO: [ view_filter ] --START--
INFO: Run Behavior\WriteHtmlCacheBehavior [ RunTime:0.000594s ]
INFO: [ view_filter ] --END-- [ RunTime:0.000650s ]
INFO: [ app_end ] --START--
INFO: Run Behavior\ShowPageTraceBehavior [ RunTime:0.001112s ]
INFO: [ app_end ] --END-- [ RunTime:0.001208s ]

[ 2015-05-06T07:38:44+08:00 ] ::1 /study/thinkphp/index.php/home/test
INFO: [ app_init ] --START--
INFO: Run Behavior\BuildLiteBehavior [ RunTime:0.000019s ]
INFO: [ app_init ] --END-- [ RunTime:0.000566s ]
INFO: [ app_begin ] --START--
INFO: Run Behavior\ReadHtmlCacheBehavior [ RunTime:0.001263s ]
INFO: [ app_begin ] --END-- [ RunTime:0.001345s ]
NOTIC: [8] A session had already been started - ignoring session_start() E:\xampp\htdocs\study\thinkphp\Apps\Home\Controller\TestController.class.php 第 4 行.
NOTIC: [8] Undefined index: page E:\xampp\htdocs\study\thinkphp\Apps\Home\Controller\TestController.class.php 第 8 行.
NOTIC: [8] Undefined index: uname E:\xampp\htdocs\study\thinkphp\Apps\Home\Controller\TestController.class.php 第 10 行.
SQL: SHOW COLUMNS FROM `course` [ RunTime:0.0101s ]
SQL: SELECT * FROM `course` LIMIT 0,10   [ RunTime:0.0007s ]
SQL: SELECT COUNT(*) AS tp_count FROM `course` LIMIT 1   [ RunTime:0.0004s ]
NOTIC: [8] Undefined index: query E:\xampp\htdocs\study\thinkphp\ThinkPHP\Library\Org\Util\MyPager.class.php 第 50 行.
INFO: [ view_parse ] --START--
INFO: [ template_filter ] --START--
INFO: Run Behavior\ContentReplaceBehavior [ RunTime:0.000152s ]
INFO: [ template_filter ] --END-- [ RunTime:0.000271s ]
INFO: Run Behavior\ParseTemplateBehavior [ RunTime:0.023657s ]
INFO: [ view_parse ] --END-- [ RunTime:0.023756s ]
INFO: [ view_filter ] --START--
INFO: Run Behavior\WriteHtmlCacheBehavior [ RunTime:0.000565s ]
INFO: [ view_filter ] --END-- [ RunTime:0.000621s ]
INFO: [ app_end ] --START--
INFO: Run Behavior\ShowPageTraceBehavior [ RunTime:0.001119s ]
INFO: [ app_end ] --END-- [ RunTime:0.001216s ]

[ 2015-05-06T07:42:26+08:00 ] ::1 /study/thinkphp/index.php/home/test
INFO: [ app_init ] --START--
INFO: Run Behavior\BuildLiteBehavior [ RunTime:0.000020s ]
INFO: [ app_init ] --END-- [ RunTime:0.000553s ]
INFO: [ app_begin ] --START--
INFO: Run Behavior\ReadHtmlCacheBehavior [ RunTime:0.000868s ]
INFO: [ app_begin ] --END-- [ RunTime:0.000938s ]
NOTIC: [8] A session had already been started - ignoring session_start() E:\xampp\htdocs\study\thinkphp\Apps\Home\Controller\TestController.class.php 第 4 行.
NOTIC: [8] Undefined index: page E:\xampp\htdocs\study\thinkphp\Apps\Home\Controller\TestController.class.php 第 8 行.
NOTIC: [8] Undefined index: uname E:\xampp\htdocs\study\thinkphp\Apps\Home\Controller\TestController.class.php 第 10 行.
SQL: SHOW COLUMNS FROM `course` [ RunTime:0.0155s ]
SQL: SELECT * FROM `course` LIMIT 0,10   [ RunTime:0.0007s ]
SQL: SELECT COUNT(*) AS tp_count FROM `course` LIMIT 1   [ RunTime:0.0004s ]
NOTIC: [8] Undefined index: query E:\xampp\htdocs\study\thinkphp\ThinkPHP\Library\Org\Util\MyPager.class.php 第 50 行.
INFO: [ view_parse ] --START--
INFO: [ template_filter ] --START--
INFO: Run Behavior\ContentReplaceBehavior [ RunTime:0.000092s ]
INFO: [ template_filter ] --END-- [ RunTime:0.000169s ]
INFO: Run Behavior\ParseTemplateBehavior [ RunTime:0.022938s ]
INFO: [ view_parse ] --END-- [ RunTime:0.023025s ]
INFO: [ view_filter ] --START--
INFO: Run Behavior\WriteHtmlCacheBehavior [ RunTime:0.000556s ]
INFO: [ view_filter ] --END-- [ RunTime:0.000615s ]
INFO: [ app_end ] --START--
INFO: Run Behavior\ShowPageTraceBehavior [ RunTime:0.001102s ]
INFO: [ app_end ] --END-- [ RunTime:0.001200s ]

[ 2015-05-06T19:23:36+08:00 ] ::1 /study/thinkphp/index.php/home/test
INFO: [ app_init ] --START--
INFO: Run Behavior\BuildLiteBehavior [ RunTime:0.000025s ]
INFO: [ app_init ] --END-- [ RunTime:0.013045s ]
INFO: [ app_begin ] --START--
INFO: Run Behavior\ReadHtmlCacheBehavior [ RunTime:0.025452s ]
INFO: [ app_begin ] --END-- [ RunTime:0.025682s ]
NOTIC: [8] A session had already been started - ignoring session_start() E:\xampp\htdocs\study\thinkphp\Apps\Home\Controller\TestController.class.php 第 4 行.
NOTIC: [8] Undefined index: page E:\xampp\htdocs\study\thinkphp\Apps\Home\Controller\TestController.class.php 第 8 行.
NOTIC: [8] Undefined index: uname E:\xampp\htdocs\study\thinkphp\Apps\Home\Controller\TestController.class.php 第 10 行.
INFO: [ view_parse ] --START--
INFO: [ template_filter ] --START--
INFO: Run Behavior\ContentReplaceBehavior [ RunTime:0.000042s ]
INFO: [ template_filter ] --END-- [ RunTime:0.000142s ]
INFO: Run Behavior\ParseTemplateBehavior [ RunTime:0.342364s ]
INFO: [ view_parse ] --END-- [ RunTime:0.342642s ]
INFO: [ view_filter ] --START--
INFO: Run Behavior\WriteHtmlCacheBehavior [ RunTime:0.021259s ]
INFO: [ view_filter ] --END-- [ RunTime:0.021342s ]
INFO: [ app_end ] --START--
INFO: Run Behavior\ShowPageTraceBehavior [ RunTime:0.001712s ]
INFO: [ app_end ] --END-- [ RunTime:0.001825s ]

[ 2015-05-06T19:23:46+08:00 ] ::1 /study/thinkphp/index.php/home/test
INFO: [ app_init ] --START--
INFO: Run Behavior\BuildLiteBehavior [ RunTime:0.000019s ]
INFO: [ app_init ] --END-- [ RunTime:0.000544s ]
INFO: [ app_begin ] --START--
INFO: Run Behavior\ReadHtmlCacheBehavior [ RunTime:0.000782s ]
INFO: [ app_begin ] --END-- [ RunTime:0.000878s ]
NOTIC: [8] A session had already been started - ignoring session_start() E:\xampp\htdocs\study\thinkphp\Apps\Home\Controller\TestController.class.php 第 4 行.
NOTIC: [8] Undefined index: page E:\xampp\htdocs\study\thinkphp\Apps\Home\Controller\TestController.class.php 第 8 行.
SQL: SHOW COLUMNS FROM `course` [ RunTime:0.4129s ]
SQL: SELECT * FROM `course` LIMIT 0,10   [ RunTime:0.0010s ]
SQL: SELECT COUNT(*) AS tp_count FROM `course` LIMIT 1   [ RunTime:0.0004s ]
NOTIC: [8] Undefined index: query E:\xampp\htdocs\study\thinkphp\ThinkPHP\Library\Org\Util\MyPager.class.php 第 50 行.
INFO: [ view_parse ] --START--
INFO: [ template_filter ] --START--
INFO: Run Behavior\ContentReplaceBehavior [ RunTime:0.000162s ]
INFO: [ template_filter ] --END-- [ RunTime:0.000285s ]
INFO: Run Behavior\ParseTemplateBehavior [ RunTime:0.321081s ]
INFO: [ view_parse ] --END-- [ RunTime:0.321215s ]
INFO: [ view_filter ] --START--
INFO: Run Behavior\WriteHtmlCacheBehavior [ RunTime:0.000790s ]
INFO: [ view_filter ] --END-- [ RunTime:0.000882s ]
INFO: [ app_end ] --START--
INFO: Run Behavior\ShowPageTraceBehavior [ RunTime:0.002536s ]
INFO: [ app_end ] --END-- [ RunTime:0.002670s ]

[ 2015-05-06T19:24:06+08:00 ] ::1 /study/thinkphp/index.php/home/test/add
INFO: [ app_init ] --START--
INFO: Run Behavior\BuildLiteBehavior [ RunTime:0.000019s ]
INFO: [ app_init ] --END-- [ RunTime:0.000538s ]
INFO: [ app_begin ] --START--
INFO: Run Behavior\ReadHtmlCacheBehavior [ RunTime:0.000882s ]
INFO: [ app_begin ] --END-- [ RunTime:0.000962s ]
NOTIC: [8] A session had already been started - ignoring session_start() E:\xampp\htdocs\study\thinkphp\Apps\Home\Controller\TestController.class.php 第 4 行.
NOTIC: [8] Undefined index: name E:\xampp\htdocs\study\thinkphp\Apps\Home\Controller\TestController.class.php 第 109 行.
NOTIC: [8] Undefined index: password E:\xampp\htdocs\study\thinkphp\Apps\Home\Controller\TestController.class.php 第 110 行.
SQL: SHOW COLUMNS FROM `user` [ RunTime:0.0367s ]
NOTIC: [8] Undefined variable: data E:\xampp\htdocs\study\thinkphp\Apps\Home\Controller\TestController.class.php 第 113 行.
INFO: [ view_parse ] --START--
INFO: [ template_filter ] --START--
INFO: Run Behavior\ContentReplaceBehavior [ RunTime:0.000054s ]
INFO: [ template_filter ] --END-- [ RunTime:0.000151s ]
INFO: Run Behavior\ParseTemplateBehavior [ RunTime:0.028084s ]
INFO: [ view_parse ] --END-- [ RunTime:0.028209s ]
INFO: [ view_filter ] --START--
INFO: Run Behavior\WriteHtmlCacheBehavior [ RunTime:0.000756s ]
INFO: [ view_filter ] --END-- [ RunTime:0.000852s ]
INFO: [ app_end ] --START--
INFO: Run Behavior\ShowPageTraceBehavior [ RunTime:0.001028s ]
INFO: [ app_end ] --END-- [ RunTime:0.001104s ]

