[ 2015-05-12T23:37:34+08:00 ] ::1 /study/thinkphp/index.php/home/test
INFO: [ app_init ] --START--
INFO: Run Behavior\BuildLiteBehavior [ RunTime:0.000022s ]
INFO: [ app_init ] --END-- [ RunTime:0.020799s ]
INFO: [ app_begin ] --START--
INFO: Run Behavior\ReadHtmlCacheBehavior [ RunTime:0.000924s ]
INFO: [ app_begin ] --END-- [ RunTime:0.001048s ]
NOTIC: [8] A session had already been started - ignoring session_start() E:\xampp\htdocs\study\thinkphp\ThinkPHP\Common\functions.php 第 1263 行.
NOTIC: [8] Undefined index: page E:\xampp\htdocs\study\thinkphp\Apps\Home\Controller\TestController.class.php 第 9 行.
NOTIC: [8] Undefined variable: name E:\xampp\htdocs\study\thinkphp\ThinkPHP\Library\Think\MyController.class.php 第 27 行.
INFO: [ view_parse ] --START--
INFO: [ template_filter ] --START--
INFO: Run Behavior\ContentReplaceBehavior [ RunTime:0.000070s ]
INFO: [ template_filter ] --END-- [ RunTime:0.000196s ]
INFO: Run Behavior\ParseTemplateBehavior [ RunTime:0.041990s ]
INFO: [ view_parse ] --END-- [ RunTime:0.042104s ]
INFO: [ view_filter ] --START--
INFO: Run Behavior\WriteHtmlCacheBehavior [ RunTime:0.000762s ]
INFO: [ view_filter ] --END-- [ RunTime:0.000865s ]
INFO: [ app_end ] --START--
INFO: Run Behavior\ShowPageTraceBehavior [ RunTime:0.001172s ]
INFO: [ app_end ] --END-- [ RunTime:0.001283s ]

[ 2015-05-12T23:37:43+08:00 ] ::1 /study/thinkphp/index.php/home/test
INFO: [ app_init ] --START--
INFO: Run Behavior\BuildLiteBehavior [ RunTime:0.000018s ]
INFO: [ app_init ] --END-- [ RunTime:0.000635s ]
INFO: [ app_begin ] --START--
INFO: Run Behavior\ReadHtmlCacheBehavior [ RunTime:0.000783s ]
INFO: [ app_begin ] --END-- [ RunTime:0.000859s ]
NOTIC: [8] A session had already been started - ignoring session_start() E:\xampp\htdocs\study\thinkphp\ThinkPHP\Common\functions.php 第 1263 行.
NOTIC: [8] Undefined index: page E:\xampp\htdocs\study\thinkphp\Apps\Home\Controller\TestController.class.php 第 9 行.
NOTIC: [8] Undefined variable: name E:\xampp\htdocs\study\thinkphp\ThinkPHP\Library\Think\MyController.class.php 第 27 行.
INFO: [ view_parse ] --START--
INFO: [ template_filter ] --START--
INFO: Run Behavior\ContentReplaceBehavior [ RunTime:0.000042s ]
INFO: [ template_filter ] --END-- [ RunTime:0.000119s ]
INFO: Run Behavior\ParseTemplateBehavior [ RunTime:0.008617s ]
INFO: [ view_parse ] --END-- [ RunTime:0.008713s ]
INFO: [ view_filter ] --START--
INFO: Run Behavior\WriteHtmlCacheBehavior [ RunTime:0.000535s ]
INFO: [ view_filter ] --END-- [ RunTime:0.000597s ]
INFO: [ app_end ] --START--
INFO: Run Behavior\ShowPageTraceBehavior [ RunTime:0.000783s ]
INFO: [ app_end ] --END-- [ RunTime:0.000844s ]

[ 2015-05-12T23:42:00+08:00 ] ::1 /study/thinkphp/index.php/home/test
INFO: [ app_init ] --START--
INFO: Run Behavior\BuildLiteBehavior [ RunTime:0.000028s ]
INFO: [ app_init ] --END-- [ RunTime:0.000727s ]
INFO: [ app_begin ] --START--
INFO: Run Behavior\ReadHtmlCacheBehavior [ RunTime:0.000946s ]
INFO: [ app_begin ] --END-- [ RunTime:0.001047s ]
NOTIC: [8] A session had already been started - ignoring session_start() E:\xampp\htdocs\study\thinkphp\ThinkPHP\Common\functions.php 第 1263 行.
NOTIC: [8] Undefined variable: name E:\xampp\htdocs\study\thinkphp\ThinkPHP\Library\Think\MyController.class.php 第 33 行.
ERR: 模板不存在:./Apps/Home/View//Home/View/login.html

[ 2015-05-12T23:42:23+08:00 ] ::1 /study/thinkphp/index.php/home/test
INFO: [ app_init ] --START--
INFO: Run Behavior\BuildLiteBehavior [ RunTime:0.000018s ]
INFO: [ app_init ] --END-- [ RunTime:0.000573s ]
INFO: [ app_begin ] --START--
INFO: Run Behavior\ReadHtmlCacheBehavior [ RunTime:0.000785s ]
INFO: [ app_begin ] --END-- [ RunTime:0.000855s ]
NOTIC: [8] A session had already been started - ignoring session_start() E:\xampp\htdocs\study\thinkphp\ThinkPHP\Common\functions.php 第 1263 行.
NOTIC: [8] Undefined variable: name E:\xampp\htdocs\study\thinkphp\ThinkPHP\Library\Think\MyController.class.php 第 33 行.
INFO: [ view_parse ] --START--
INFO: [ template_filter ] --START--
INFO: Run Behavior\ContentReplaceBehavior [ RunTime:0.000040s ]
INFO: [ template_filter ] --END-- [ RunTime:0.000114s ]
INFO: Run Behavior\ParseTemplateBehavior [ RunTime:0.088353s ]
INFO: [ view_parse ] --END-- [ RunTime:0.088442s ]
INFO: [ view_filter ] --START--
INFO: Run Behavior\WriteHtmlCacheBehavior [ RunTime:0.000508s ]
INFO: [ view_filter ] --END-- [ RunTime:0.000564s ]
NOTIC: [8] Undefined index: page E:\xampp\htdocs\study\thinkphp\Apps\Home\Controller\TestController.class.php 第 9 行.
NOTIC: [8] Undefined variable: name E:\xampp\htdocs\study\thinkphp\ThinkPHP\Library\Think\MyController.class.php 第 33 行.
INFO: [ view_parse ] --START--
INFO: [ template_filter ] --START--
INFO: Run Behavior\ContentReplaceBehavior [ RunTime:0.000033s ]
INFO: [ template_filter ] --END-- [ RunTime:-0.084582s ]
INFO: Run Behavior\ParseTemplateBehavior [ RunTime:0.005679s ]
INFO: [ view_parse ] --END-- [ RunTime:-0.000901s ]
INFO: [ view_filter ] --START--
INFO: Run Behavior\WriteHtmlCacheBehavior [ RunTime:0.000028s ]
INFO: [ view_filter ] --END-- [ RunTime:-0.006134s ]
INFO: [ app_end ] --START--
INFO: Run Behavior\ShowPageTraceBehavior [ RunTime:0.001026s ]
INFO: [ app_end ] --END-- [ RunTime:0.001106s ]

[ 2015-05-12T23:42:45+08:00 ] ::1 /study/thinkphp/index.php/home/test
INFO: [ app_init ] --START--
INFO: Run Behavior\BuildLiteBehavior [ RunTime:0.000019s ]
INFO: [ app_init ] --END-- [ RunTime:0.000474s ]
INFO: [ app_begin ] --START--
INFO: Run Behavior\ReadHtmlCacheBehavior [ RunTime:0.000711s ]
INFO: [ app_begin ] --END-- [ RunTime:0.000894s ]
NOTIC: [8] A session had already been started - ignoring session_start() E:\xampp\htdocs\study\thinkphp\ThinkPHP\Common\functions.php 第 1263 行.
NOTIC: [8] Undefined variable: name E:\xampp\htdocs\study\thinkphp\ThinkPHP\Library\Think\MyController.class.php 第 32 行.
INFO: [ view_parse ] --START--
INFO: [ template_filter ] --START--
INFO: Run Behavior\ContentReplaceBehavior [ RunTime:0.000041s ]
INFO: [ template_filter ] --END-- [ RunTime:0.000118s ]
INFO: Run Behavior\ParseTemplateBehavior [ RunTime:0.009441s ]
INFO: [ view_parse ] --END-- [ RunTime:0.009542s ]
INFO: [ view_filter ] --START--
INFO: Run Behavior\WriteHtmlCacheBehavior [ RunTime:0.000483s ]
INFO: [ view_filter ] --END-- [ RunTime:0.000539s ]
NOTIC: [8] Undefined index: page E:\xampp\htdocs\study\thinkphp\Apps\Home\Controller\TestController.class.php 第 9 行.
NOTIC: [8] Undefined variable: name E:\xampp\htdocs\study\thinkphp\ThinkPHP\Library\Think\MyController.class.php 第 32 行.
INFO: [ view_parse ] --START--
INFO: [ template_filter ] --START--
INFO: Run Behavior\ContentReplaceBehavior [ RunTime:0.000032s ]
INFO: [ template_filter ] --END-- [ RunTime:-0.003659s ]
INFO: Run Behavior\ParseTemplateBehavior [ RunTime:0.002341s ]
INFO: [ view_parse ] --END-- [ RunTime:-0.000878s ]
INFO: [ view_filter ] --START--
INFO: Run Behavior\WriteHtmlCacheBehavior [ RunTime:0.000015s ]
INFO: [ view_filter ] --END-- [ RunTime:-0.002762s ]
INFO: [ app_end ] --START--
INFO: Run Behavior\ShowPageTraceBehavior [ RunTime:0.000815s ]
INFO: [ app_end ] --END-- [ RunTime:0.000873s ]

[ 2015-05-12T23:43:20+08:00 ] ::1 /study/thinkphp/index.php/home/test
INFO: [ app_init ] --START--
INFO: Run Behavior\BuildLiteBehavior [ RunTime:0.000018s ]
INFO: [ app_init ] --END-- [ RunTime:0.000466s ]
INFO: [ app_begin ] --START--
INFO: Run Behavior\ReadHtmlCacheBehavior [ RunTime:0.000591s ]
INFO: [ app_begin ] --END-- [ RunTime:0.000664s ]
NOTIC: [8] A session had already been started - ignoring session_start() E:\xampp\htdocs\study\thinkphp\ThinkPHP\Common\functions.php 第 1263 行.
NOTIC: [8] Undefined variable: name E:\xampp\htdocs\study\thinkphp\ThinkPHP\Library\Think\MyController.class.php 第 32 行.
INFO: [ view_parse ] --START--
INFO: [ template_filter ] --START--
INFO: Run Behavior\ContentReplaceBehavior [ RunTime:0.000065s ]
INFO: [ template_filter ] --END-- [ RunTime:0.000199s ]
INFO: Run Behavior\ParseTemplateBehavior [ RunTime:0.009206s ]
INFO: [ view_parse ] --END-- [ RunTime:0.009317s ]
INFO: [ view_filter ] --START--
INFO: Run Behavior\WriteHtmlCacheBehavior [ RunTime:0.000443s ]
INFO: [ view_filter ] --END-- [ RunTime:0.000516s ]

[ 2015-05-12T23:43:52+08:00 ] ::1 /study/thinkphp/index.php/home/test
INFO: [ app_init ] --START--
INFO: Run Behavior\BuildLiteBehavior [ RunTime:0.000018s ]
INFO: [ app_init ] --END-- [ RunTime:0.000471s ]
INFO: [ app_begin ] --START--
INFO: Run Behavior\ReadHtmlCacheBehavior [ RunTime:0.000623s ]
INFO: [ app_begin ] --END-- [ RunTime:0.000700s ]
NOTIC: [8] A session had already been started - ignoring session_start() E:\xampp\htdocs\study\thinkphp\ThinkPHP\Common\functions.php 第 1263 行.
NOTIC: [8] Undefined variable: name E:\xampp\htdocs\study\thinkphp\ThinkPHP\Library\Think\MyController.class.php 第 32 行.
INFO: [ view_parse ] --START--
INFO: [ template_filter ] --START--
INFO: Run Behavior\ContentReplaceBehavior [ RunTime:0.000039s ]
INFO: [ template_filter ] --END-- [ RunTime:0.000108s ]
INFO: Run Behavior\ParseTemplateBehavior [ RunTime:0.006577s ]
INFO: [ view_parse ] --END-- [ RunTime:0.006658s ]
INFO: [ view_filter ] --START--
INFO: Run Behavior\WriteHtmlCacheBehavior [ RunTime:0.000358s ]
INFO: [ view_filter ] --END-- [ RunTime:0.000414s ]
NOTIC: [8] Undefined variable: page E:\xampp\htdocs\study\thinkphp\Apps\Home\Controller\TestController.class.php 第 9 行.
SQL: SHOW COLUMNS FROM `course` [ RunTime:0.1134s ]
SQL: SELECT * FROM `course` LIMIT 0,10   [ RunTime:0.0007s ]
SQL: SELECT COUNT(*) AS tp_count FROM `course` LIMIT 1   [ RunTime:0.0140s ]
NOTIC: [8] Undefined variable: page E:\xampp\htdocs\study\thinkphp\Apps\Home\Controller\TestController.class.php 第 18 行.
NOTIC: [8] Undefined index: query E:\xampp\htdocs\study\thinkphp\ThinkPHP\Library\Org\Util\MyPager.class.php 第 50 行.
INFO: [ view_parse ] --START--
INFO: [ template_filter ] --START--
INFO: Run Behavior\ContentReplaceBehavior [ RunTime:0.000086s ]
INFO: [ template_filter ] --END-- [ RunTime:-0.247810s ]
INFO: Run Behavior\ParseTemplateBehavior [ RunTime:0.091519s ]
INFO: [ view_parse ] --END-- [ RunTime:-0.239939s ]
INFO: [ view_filter ] --START--
INFO: Run Behavior\WriteHtmlCacheBehavior [ RunTime:0.000018s ]
INFO: [ view_filter ] --END-- [ RunTime:-0.331131s ]
INFO: [ app_end ] --START--
INFO: Run Behavior\ShowPageTraceBehavior [ RunTime:0.001321s ]
INFO: [ app_end ] --END-- [ RunTime:0.001531s ]

[ 2015-05-12T23:44:02+08:00 ] ::1 /study/thinkphp/index.php/home/test
INFO: [ app_init ] --START--
INFO: Run Behavior\BuildLiteBehavior [ RunTime:0.000035s ]
INFO: [ app_init ] --END-- [ RunTime:0.000689s ]
INFO: [ app_begin ] --START--
INFO: Run Behavior\ReadHtmlCacheBehavior [ RunTime:0.001373s ]
INFO: [ app_begin ] --END-- [ RunTime:0.001510s ]
NOTIC: [8] A session had already been started - ignoring session_start() E:\xampp\htdocs\study\thinkphp\ThinkPHP\Common\functions.php 第 1263 行.
NOTIC: [8] Undefined variable: name E:\xampp\htdocs\study\thinkphp\ThinkPHP\Library\Think\MyController.class.php 第 32 行.
INFO: [ view_parse ] --START--
INFO: [ template_filter ] --START--
INFO: Run Behavior\ContentReplaceBehavior [ RunTime:0.000040s ]
INFO: [ template_filter ] --END-- [ RunTime:0.000137s ]
INFO: Run Behavior\ParseTemplateBehavior [ RunTime:0.008358s ]
INFO: [ view_parse ] --END-- [ RunTime:0.008460s ]
INFO: [ view_filter ] --START--
INFO: Run Behavior\WriteHtmlCacheBehavior [ RunTime:0.000482s ]
INFO: [ view_filter ] --END-- [ RunTime:0.000538s ]
NOTIC: [8] Undefined variable: page E:\xampp\htdocs\study\thinkphp\Apps\Home\Controller\TestController.class.php 第 9 行.
SQL: SHOW COLUMNS FROM `course` [ RunTime:0.0643s ]
SQL: SELECT * FROM `course` LIMIT 0,10   [ RunTime:0.0008s ]
SQL: SELECT COUNT(*) AS tp_count FROM `course` LIMIT 1   [ RunTime:0.0009s ]
NOTIC: [8] Undefined variable: page E:\xampp\htdocs\study\thinkphp\Apps\Home\Controller\TestController.class.php 第 18 行.
NOTIC: [8] Undefined index: query E:\xampp\htdocs\study\thinkphp\ThinkPHP\Library\Org\Util\MyPager.class.php 第 50 行.
INFO: [ view_parse ] --START--
INFO: [ template_filter ] --START--
INFO: Run Behavior\ContentReplaceBehavior [ RunTime:0.000087s ]
INFO: [ template_filter ] --END-- [ RunTime:-0.089200s ]
INFO: Run Behavior\ParseTemplateBehavior [ RunTime:0.014445s ]
INFO: [ view_parse ] --END-- [ RunTime:-0.082697s ]
INFO: [ view_filter ] --START--
INFO: Run Behavior\WriteHtmlCacheBehavior [ RunTime:0.000018s ]
INFO: [ view_filter ] --END-- [ RunTime:-0.096692s ]
INFO: [ app_end ] --START--
INFO: Run Behavior\ShowPageTraceBehavior [ RunTime:0.001218s ]
INFO: [ app_end ] --END-- [ RunTime:0.001331s ]

[ 2015-05-12T23:45:50+08:00 ] ::1 /study/thinkphp/index.php/home/test
INFO: [ app_init ] --START--
INFO: Run Behavior\BuildLiteBehavior [ RunTime:0.000020s ]
INFO: [ app_init ] --END-- [ RunTime:0.000553s ]
INFO: [ app_begin ] --START--
INFO: Run Behavior\ReadHtmlCacheBehavior [ RunTime:0.000597s ]
INFO: [ app_begin ] --END-- [ RunTime:0.000667s ]
NOTIC: [8] A session had already been started - ignoring session_start() E:\xampp\htdocs\study\thinkphp\ThinkPHP\Common\functions.php 第 1263 行.
NOTIC: [8] Undefined variable: name E:\xampp\htdocs\study\thinkphp\ThinkPHP\Library\Think\MyController.class.php 第 32 行.
INFO: [ view_parse ] --START--
INFO: [ template_filter ] --START--
INFO: Run Behavior\ContentReplaceBehavior [ RunTime:0.000076s ]
INFO: [ template_filter ] --END-- [ RunTime:0.000244s ]
INFO: Run Behavior\ParseTemplateBehavior [ RunTime:0.014363s ]
INFO: [ view_parse ] --END-- [ RunTime:0.014448s ]
INFO: [ view_filter ] --START--
INFO: Run Behavior\WriteHtmlCacheBehavior [ RunTime:0.000407s ]
INFO: [ view_filter ] --END-- [ RunTime:0.000492s ]
NOTIC: [8] Undefined variable: page E:\xampp\htdocs\study\thinkphp\Apps\Home\Controller\TestController.class.php 第 9 行.
SQL: SHOW COLUMNS FROM `course` [ RunTime:0.0665s ]
SQL: SELECT * FROM `course` LIMIT 0,10   [ RunTime:0.0007s ]
SQL: SELECT COUNT(*) AS tp_count FROM `course` LIMIT 1   [ RunTime:0.0004s ]
NOTIC: [8] Undefined variable: page E:\xampp\htdocs\study\thinkphp\Apps\Home\Controller\TestController.class.php 第 18 行.
NOTIC: [8] Undefined index: query E:\xampp\htdocs\study\thinkphp\ThinkPHP\Library\Org\Util\MyPager.class.php 第 50 行.
INFO: [ view_parse ] --START--
INFO: [ template_filter ] --START--
INFO: Run Behavior\ContentReplaceBehavior [ RunTime:0.000084s ]
INFO: [ template_filter ] --END-- [ RunTime:-0.096888s ]
INFO: Run Behavior\ParseTemplateBehavior [ RunTime:0.016958s ]
INFO: [ view_parse ] --END-- [ RunTime:-0.083783s ]
INFO: [ view_filter ] --START--
INFO: Run Behavior\WriteHtmlCacheBehavior [ RunTime:0.000019s ]
INFO: [ view_filter ] --END-- [ RunTime:-0.100352s ]
INFO: [ app_end ] --START--
INFO: Run Behavior\ShowPageTraceBehavior [ RunTime:0.001006s ]
INFO: [ app_end ] --END-- [ RunTime:0.001126s ]

[ 2015-05-12T23:46:58+08:00 ] ::1 /study/thinkphp/index.php/home/test
INFO: [ app_init ] --START--
INFO: Run Behavior\BuildLiteBehavior [ RunTime:0.000020s ]
INFO: [ app_init ] --END-- [ RunTime:0.000563s ]
INFO: [ app_begin ] --START--
INFO: Run Behavior\ReadHtmlCacheBehavior [ RunTime:0.000833s ]
INFO: [ app_begin ] --END-- [ RunTime:0.000935s ]
NOTIC: [8] A session had already been started - ignoring session_start() E:\xampp\htdocs\study\thinkphp\ThinkPHP\Common\functions.php 第 1263 行.
NOTIC: [8] Undefined variable: name E:\xampp\htdocs\study\thinkphp\ThinkPHP\Library\Think\MyController.class.php 第 32 行.
INFO: [ view_parse ] --START--
INFO: [ template_filter ] --START--
INFO: Run Behavior\ContentReplaceBehavior [ RunTime:0.000041s ]
INFO: [ template_filter ] --END-- [ RunTime:0.000117s ]
INFO: Run Behavior\ParseTemplateBehavior [ RunTime:0.687106s ]
INFO: [ view_parse ] --END-- [ RunTime:0.687275s ]
INFO: [ view_filter ] --START--
INFO: Run Behavior\WriteHtmlCacheBehavior [ RunTime:0.000501s ]
INFO: [ view_filter ] --END-- [ RunTime:0.000572s ]
NOTIC: [8] Undefined variable: page E:\xampp\htdocs\study\thinkphp\Apps\Home\Controller\TestController.class.php 第 9 行.
SQL: SHOW COLUMNS FROM `course` [ RunTime:0.0797s ]
SQL: SELECT * FROM `course` LIMIT 0,10   [ RunTime:0.0007s ]
SQL: SELECT COUNT(*) AS tp_count FROM `course` LIMIT 1   [ RunTime:0.0003s ]
NOTIC: [8] Undefined variable: page E:\xampp\htdocs\study\thinkphp\Apps\Home\Controller\TestController.class.php 第 18 行.
NOTIC: [8] Undefined index: query E:\xampp\htdocs\study\thinkphp\ThinkPHP\Library\Org\Util\MyPager.class.php 第 50 行.
INFO: [ view_parse ] --START--
INFO: [ template_filter ] --START--
INFO: Run Behavior\ContentReplaceBehavior [ RunTime:0.000134s ]
INFO: [ template_filter ] --END-- [ RunTime:-0.783066s ]
INFO: Run Behavior\ParseTemplateBehavior [ RunTime:0.016722s ]
INFO: [ view_parse ] --END-- [ RunTime:-0.097999s ]
INFO: [ view_filter ] --START--
INFO: Run Behavior\WriteHtmlCacheBehavior [ RunTime:0.000018s ]
INFO: [ view_filter ] --END-- [ RunTime:-0.114242s ]
INFO: [ app_end ] --START--
INFO: Run Behavior\ShowPageTraceBehavior [ RunTime:0.001194s ]
INFO: [ app_end ] --END-- [ RunTime:0.001317s ]

[ 2015-05-12T23:50:34+08:00 ] ::1 /study/thinkphp/index.php/home/test
INFO: [ app_init ] --START--
INFO: Run Behavior\BuildLiteBehavior [ RunTime:0.000020s ]
INFO: [ app_init ] --END-- [ RunTime:0.000587s ]
INFO: [ app_begin ] --START--
INFO: Run Behavior\ReadHtmlCacheBehavior [ RunTime:0.000782s ]
INFO: [ app_begin ] --END-- [ RunTime:0.000851s ]
NOTIC: [8] A session had already been started - ignoring session_start() E:\xampp\htdocs\study\thinkphp\ThinkPHP\Common\functions.php 第 1263 行.
NOTIC: [8] Undefined variable: name E:\xampp\htdocs\study\thinkphp\ThinkPHP\Library\Think\MyController.class.php 第 31 行.
INFO: [ view_parse ] --START--
INFO: [ template_filter ] --START--
INFO: Run Behavior\ContentReplaceBehavior [ RunTime:0.000040s ]
INFO: [ template_filter ] --END-- [ RunTime:0.000113s ]
INFO: Run Behavior\ParseTemplateBehavior [ RunTime:0.007960s ]
INFO: [ view_parse ] --END-- [ RunTime:0.008100s ]
INFO: [ view_filter ] --START--
INFO: Run Behavior\WriteHtmlCacheBehavior [ RunTime:0.002403s ]
INFO: [ view_filter ] --END-- [ RunTime:0.002922s ]
NOTIC: [8] Undefined variable: page E:\xampp\htdocs\study\thinkphp\Apps\Home\Controller\TestController.class.php 第 9 行.
SQL: SHOW COLUMNS FROM `course` [ RunTime:0.0739s ]
SQL: SELECT * FROM `course` LIMIT 0,10   [ RunTime:0.0007s ]
SQL: SELECT COUNT(*) AS tp_count FROM `course` LIMIT 1   [ RunTime:0.0004s ]
NOTIC: [8] Undefined variable: page E:\xampp\htdocs\study\thinkphp\Apps\Home\Controller\TestController.class.php 第 18 行.
NOTIC: [8] Undefined index: query E:\xampp\htdocs\study\thinkphp\ThinkPHP\Library\Org\Util\MyPager.class.php 第 50 行.
INFO: [ view_parse ] --START--
INFO: [ template_filter ] --START--
INFO: Run Behavior\ContentReplaceBehavior [ RunTime:0.000085s ]
INFO: [ template_filter ] --END-- [ RunTime:-0.110916s ]
INFO: Run Behavior\ParseTemplateBehavior [ RunTime:0.197677s ]
INFO: [ view_parse ] --END-- [ RunTime:-0.100712s ]
INFO: [ view_filter ] --START--
INFO: Run Behavior\WriteHtmlCacheBehavior [ RunTime:0.000019s ]
INFO: [ view_filter ] --END-- [ RunTime:-0.295537s ]
INFO: [ app_end ] --START--
INFO: Run Behavior\ShowPageTraceBehavior [ RunTime:0.001090s ]
INFO: [ app_end ] --END-- [ RunTime:0.001191s ]

[ 2015-05-12T23:51:02+08:00 ] ::1 /study/thinkphp/index.php/home/test
INFO: [ app_init ] --START--
INFO: Run Behavior\BuildLiteBehavior [ RunTime:0.000046s ]
INFO: [ app_init ] --END-- [ RunTime:0.001284s ]
INFO: [ app_begin ] --START--
INFO: Run Behavior\ReadHtmlCacheBehavior [ RunTime:0.000820s ]
INFO: [ app_begin ] --END-- [ RunTime:0.000932s ]
NOTIC: [8] A session had already been started - ignoring session_start() E:\xampp\htdocs\study\thinkphp\ThinkPHP\Common\functions.php 第 1263 行.
NOTIC: [8] Undefined variable: session E:\xampp\htdocs\study\thinkphp\ThinkPHP\Library\Think\MyController.class.php 第 19 行.
NOTIC: [8] Undefined variable: name E:\xampp\htdocs\study\thinkphp\ThinkPHP\Library\Think\MyController.class.php 第 32 行.
INFO: [ view_parse ] --START--
INFO: [ template_filter ] --START--
INFO: Run Behavior\ContentReplaceBehavior [ RunTime:0.000042s ]
INFO: [ template_filter ] --END-- [ RunTime:0.000139s ]
INFO: Run Behavior\ParseTemplateBehavior [ RunTime:0.007419s ]
INFO: [ view_parse ] --END-- [ RunTime:0.007567s ]
INFO: [ view_filter ] --START--
INFO: Run Behavior\WriteHtmlCacheBehavior [ RunTime:0.000401s ]
INFO: [ view_filter ] --END-- [ RunTime:0.000475s ]
NOTIC: [8] Undefined variable: page E:\xampp\htdocs\study\thinkphp\Apps\Home\Controller\TestController.class.php 第 9 行.
SQL: SHOW COLUMNS FROM `course` [ RunTime:0.0151s ]
SQL: SELECT * FROM `course` LIMIT 0,10   [ RunTime:0.0008s ]
SQL: SELECT COUNT(*) AS tp_count FROM `course` LIMIT 1   [ RunTime:0.0005s ]
NOTIC: [8] Undefined variable: page E:\xampp\htdocs\study\thinkphp\Apps\Home\Controller\TestController.class.php 第 18 行.
NOTIC: [8] Undefined index: query E:\xampp\htdocs\study\thinkphp\ThinkPHP\Library\Org\Util\MyPager.class.php 第 50 行.
INFO: [ view_parse ] --START--
INFO: [ template_filter ] --START--
INFO: Run Behavior\ContentReplaceBehavior [ RunTime:0.000086s ]
INFO: [ template_filter ] --END-- [ RunTime:-0.043802s ]
INFO: Run Behavior\ParseTemplateBehavior [ RunTime:0.017278s ]
INFO: [ view_parse ] --END-- [ RunTime:-0.036219s ]
INFO: [ view_filter ] --START--
INFO: Run Behavior\WriteHtmlCacheBehavior [ RunTime:0.000056s ]
INFO: [ view_filter ] --END-- [ RunTime:-0.053353s ]
INFO: [ app_end ] --START--
INFO: Run Behavior\ShowPageTraceBehavior [ RunTime:0.002128s ]
INFO: [ app_end ] --END-- [ RunTime:0.002353s ]

[ 2015-05-12T23:52:19+08:00 ] ::1 /study/thinkphp/index.php/home/test
INFO: [ app_init ] --START--
INFO: Run Behavior\BuildLiteBehavior [ RunTime:0.000017s ]
INFO: [ app_init ] --END-- [ RunTime:0.000477s ]
INFO: [ app_begin ] --START--
INFO: Run Behavior\ReadHtmlCacheBehavior [ RunTime:0.001497s ]
INFO: [ app_begin ] --END-- [ RunTime:0.001952s ]
NOTIC: [8] A session had already been started - ignoring session_start() E:\xampp\htdocs\study\thinkphp\ThinkPHP\Common\functions.php 第 1263 行.
NOTIC: [2048] Declaration of Think\MyController::login() should be compatible with Think\Controller::login() E:\xampp\htdocs\study\thinkphp\ThinkPHP\Library\Think\MyController.class.php 第 38 行.
NOTIC: [8] Undefined variable: session E:\xampp\htdocs\study\thinkphp\ThinkPHP\Library\Think\MyController.class.php 第 19 行.
NOTIC: [2] Missing argument 1 for Think\MyController::login(), called in E:\xampp\htdocs\study\thinkphp\ThinkPHP\Library\Think\MyController.class.php on line 10 and defined E:\xampp\htdocs\study\thinkphp\ThinkPHP\Library\Think\MyController.class.php 第 31 行.
NOTIC: [8] Undefined variable: name E:\xampp\htdocs\study\thinkphp\ThinkPHP\Library\Think\MyController.class.php 第 32 行.
INFO: [ view_parse ] --START--
INFO: [ template_filter ] --START--
INFO: Run Behavior\ContentReplaceBehavior [ RunTime:0.000041s ]
INFO: [ template_filter ] --END-- [ RunTime:0.000116s ]
INFO: Run Behavior\ParseTemplateBehavior [ RunTime:0.017149s ]
INFO: [ view_parse ] --END-- [ RunTime:0.017269s ]
INFO: [ view_filter ] --START--
INFO: Run Behavior\WriteHtmlCacheBehavior [ RunTime:0.000702s ]
INFO: [ view_filter ] --END-- [ RunTime:0.000777s ]
NOTIC: [8] Undefined variable: page E:\xampp\htdocs\study\thinkphp\Apps\Home\Controller\TestController.class.php 第 9 行.
SQL: SHOW COLUMNS FROM `course` [ RunTime:0.0725s ]
SQL: SELECT * FROM `course` LIMIT 0,10   [ RunTime:0.0006s ]
SQL: SELECT COUNT(*) AS tp_count FROM `course` LIMIT 1   [ RunTime:0.0003s ]
NOTIC: [8] Undefined variable: page E:\xampp\htdocs\study\thinkphp\Apps\Home\Controller\TestController.class.php 第 18 行.
NOTIC: [8] Undefined index: query E:\xampp\htdocs\study\thinkphp\ThinkPHP\Library\Org\Util\MyPager.class.php 第 50 行.
INFO: [ view_parse ] --START--
INFO: [ template_filter ] --START--
INFO: Run Behavior\ContentReplaceBehavior [ RunTime:0.000156s ]
INFO: [ template_filter ] --END-- [ RunTime:-0.108475s ]
INFO: Run Behavior\ParseTemplateBehavior [ RunTime:0.016407s ]
INFO: [ view_parse ] --END-- [ RunTime:-0.091831s ]
INFO: [ view_filter ] --START--
INFO: Run Behavior\WriteHtmlCacheBehavior [ RunTime:0.000018s ]
INFO: [ view_filter ] --END-- [ RunTime:-0.107524s ]
INFO: [ app_end ] --START--
INFO: Run Behavior\ShowPageTraceBehavior [ RunTime:0.001423s ]
INFO: [ app_end ] --END-- [ RunTime:0.001545s ]

[ 2015-05-12T23:52:22+08:00 ] ::1 /study/thinkphp/index.php/home/test
INFO: [ app_init ] --START--
INFO: Run Behavior\BuildLiteBehavior [ RunTime:0.000020s ]
INFO: [ app_init ] --END-- [ RunTime:0.000652s ]
INFO: [ app_begin ] --START--
INFO: Run Behavior\ReadHtmlCacheBehavior [ RunTime:0.000698s ]
INFO: [ app_begin ] --END-- [ RunTime:0.000807s ]
NOTIC: [8] A session had already been started - ignoring session_start() E:\xampp\htdocs\study\thinkphp\ThinkPHP\Common\functions.php 第 1263 行.
NOTIC: [2048] Declaration of Think\MyController::login() should be compatible with Think\Controller::login() E:\xampp\htdocs\study\thinkphp\ThinkPHP\Library\Think\MyController.class.php 第 38 行.
NOTIC: [8] Undefined variable: session E:\xampp\htdocs\study\thinkphp\ThinkPHP\Library\Think\MyController.class.php 第 19 行.
NOTIC: [2] Missing argument 1 for Think\MyController::login(), called in E:\xampp\htdocs\study\thinkphp\ThinkPHP\Library\Think\MyController.class.php on line 10 and defined E:\xampp\htdocs\study\thinkphp\ThinkPHP\Library\Think\MyController.class.php 第 31 行.
NOTIC: [8] Undefined variable: name E:\xampp\htdocs\study\thinkphp\ThinkPHP\Library\Think\MyController.class.php 第 32 行.
INFO: [ view_parse ] --START--
INFO: [ template_filter ] --START--
INFO: Run Behavior\ContentReplaceBehavior [ RunTime:0.000039s ]
INFO: [ template_filter ] --END-- [ RunTime:0.000118s ]
INFO: Run Behavior\ParseTemplateBehavior [ RunTime:0.007893s ]
INFO: [ view_parse ] --END-- [ RunTime:0.008043s ]
INFO: [ view_filter ] --START--
INFO: Run Behavior\WriteHtmlCacheBehavior [ RunTime:0.001015s ]
INFO: [ view_filter ] --END-- [ RunTime:0.001184s ]
NOTIC: [8] Undefined variable: page E:\xampp\htdocs\study\thinkphp\Apps\Home\Controller\TestController.class.php 第 9 行.
SQL: SHOW COLUMNS FROM `course` [ RunTime:0.0152s ]
SQL: SELECT * FROM `course` LIMIT 0,10   [ RunTime:0.0009s ]
SQL: SELECT COUNT(*) AS tp_count FROM `course` LIMIT 1   [ RunTime:0.0005s ]
NOTIC: [8] Undefined variable: page E:\xampp\htdocs\study\thinkphp\Apps\Home\Controller\TestController.class.php 第 18 行.
NOTIC: [8] Undefined index: query E:\xampp\htdocs\study\thinkphp\ThinkPHP\Library\Org\Util\MyPager.class.php 第 50 行.
INFO: [ view_parse ] --START--
INFO: [ template_filter ] --START--
INFO: Run Behavior\ContentReplaceBehavior [ RunTime:0.000085s ]
INFO: [ template_filter ] --END-- [ RunTime:-0.042100s ]
INFO: Run Behavior\ParseTemplateBehavior [ RunTime:0.016156s ]
INFO: [ view_parse ] --END-- [ RunTime:-0.033946s ]
INFO: [ view_filter ] --START--
INFO: Run Behavior\WriteHtmlCacheBehavior [ RunTime:0.000033s ]
INFO: [ view_filter ] --END-- [ RunTime:-0.049077s ]
INFO: [ app_end ] --START--
INFO: Run Behavior\ShowPageTraceBehavior [ RunTime:0.002174s ]
INFO: [ app_end ] --END-- [ RunTime:0.002466s ]

[ 2015-05-12T23:52:33+08:00 ] ::1 /study/thinkphp/index.php/home/test
INFO: [ app_init ] --START--
INFO: Run Behavior\BuildLiteBehavior [ RunTime:0.000018s ]
INFO: [ app_init ] --END-- [ RunTime:0.000476s ]
INFO: [ app_begin ] --START--
INFO: Run Behavior\ReadHtmlCacheBehavior [ RunTime:0.000880s ]
INFO: [ app_begin ] --END-- [ RunTime:0.000954s ]
NOTIC: [8] A session had already been started - ignoring session_start() E:\xampp\htdocs\study\thinkphp\ThinkPHP\Common\functions.php 第 1263 行.
NOTIC: [2048] Declaration of Think\MyController::login() should be compatible with Think\Controller::login() E:\xampp\htdocs\study\thinkphp\ThinkPHP\Library\Think\MyController.class.php 第 38 行.
NOTIC: [8] Undefined variable: session E:\xampp\htdocs\study\thinkphp\ThinkPHP\Library\Think\MyController.class.php 第 19 行.
NOTIC: [2] Missing argument 1 for Think\MyController::login(), called in E:\xampp\htdocs\study\thinkphp\ThinkPHP\Library\Think\MyController.class.php on line 10 and defined E:\xampp\htdocs\study\thinkphp\ThinkPHP\Library\Think\MyController.class.php 第 31 行.
NOTIC: [8] Undefined variable: name E:\xampp\htdocs\study\thinkphp\ThinkPHP\Library\Think\MyController.class.php 第 32 行.
INFO: [ view_parse ] --START--
INFO: [ template_filter ] --START--
INFO: Run Behavior\ContentReplaceBehavior [ RunTime:0.000041s ]
INFO: [ template_filter ] --END-- [ RunTime:0.000125s ]
INFO: Run Behavior\ParseTemplateBehavior [ RunTime:0.009960s ]
INFO: [ view_parse ] --END-- [ RunTime:0.010053s ]
INFO: [ view_filter ] --START--
INFO: Run Behavior\WriteHtmlCacheBehavior [ RunTime:0.000497s ]
INFO: [ view_filter ] --END-- [ RunTime:0.000554s ]
NOTIC: [8] Undefined variable: page E:\xampp\htdocs\study\thinkphp\Apps\Home\Controller\TestController.class.php 第 9 行.
SQL: SHOW COLUMNS FROM `course` [ RunTime:0.0134s ]
SQL: SELECT * FROM `course` LIMIT 0,10   [ RunTime:0.0015s ]
SQL: SELECT COUNT(*) AS tp_count FROM `course` LIMIT 1   [ RunTime:0.0004s ]
NOTIC: [8] Undefined variable: page E:\xampp\htdocs\study\thinkphp\Apps\Home\Controller\TestController.class.php 第 18 行.
NOTIC: [8] Undefined index: query E:\xampp\htdocs\study\thinkphp\ThinkPHP\Library\Org\Util\MyPager.class.php 第 50 行.
INFO: [ view_parse ] --START--
INFO: [ template_filter ] --START--
INFO: Run Behavior\ContentReplaceBehavior [ RunTime:0.000083s ]
INFO: [ template_filter ] --END-- [ RunTime:-0.038276s ]
INFO: Run Behavior\ParseTemplateBehavior [ RunTime:0.015041s ]
INFO: [ view_parse ] --END-- [ RunTime:-0.031665s ]
INFO: [ view_filter ] --START--
INFO: Run Behavior\WriteHtmlCacheBehavior [ RunTime:0.000019s ]
INFO: [ view_filter ] --END-- [ RunTime:-0.046246s ]
INFO: [ app_end ] --START--
INFO: Run Behavior\ShowPageTraceBehavior [ RunTime:0.001043s ]
INFO: [ app_end ] --END-- [ RunTime:0.001136s ]

[ 2015-05-12T23:52:34+08:00 ] ::1 /study/thinkphp/index.php/home/test
INFO: [ app_init ] --START--
INFO: Run Behavior\BuildLiteBehavior [ RunTime:0.000019s ]
INFO: [ app_init ] --END-- [ RunTime:0.000483s ]
INFO: [ app_begin ] --START--
INFO: Run Behavior\ReadHtmlCacheBehavior [ RunTime:0.000814s ]
INFO: [ app_begin ] --END-- [ RunTime:0.000897s ]
NOTIC: [8] A session had already been started - ignoring session_start() E:\xampp\htdocs\study\thinkphp\ThinkPHP\Common\functions.php 第 1263 行.
NOTIC: [2048] Declaration of Think\MyController::login() should be compatible with Think\Controller::login() E:\xampp\htdocs\study\thinkphp\ThinkPHP\Library\Think\MyController.class.php 第 38 行.
NOTIC: [8] Undefined variable: session E:\xampp\htdocs\study\thinkphp\ThinkPHP\Library\Think\MyController.class.php 第 19 行.
NOTIC: [2] Missing argument 1 for Think\MyController::login(), called in E:\xampp\htdocs\study\thinkphp\ThinkPHP\Library\Think\MyController.class.php on line 10 and defined E:\xampp\htdocs\study\thinkphp\ThinkPHP\Library\Think\MyController.class.php 第 31 行.
NOTIC: [8] Undefined variable: name E:\xampp\htdocs\study\thinkphp\ThinkPHP\Library\Think\MyController.class.php 第 32 行.
INFO: [ view_parse ] --START--
INFO: [ template_filter ] --START--
INFO: Run Behavior\ContentReplaceBehavior [ RunTime:0.000056s ]
INFO: [ template_filter ] --END-- [ RunTime:0.000177s ]
INFO: Run Behavior\ParseTemplateBehavior [ RunTime:0.011004s ]
INFO: [ view_parse ] --END-- [ RunTime:0.011184s ]
INFO: [ view_filter ] --START--
INFO: Run Behavior\WriteHtmlCacheBehavior [ RunTime:0.000723s ]
INFO: [ view_filter ] --END-- [ RunTime:0.000812s ]
NOTIC: [8] Undefined variable: page E:\xampp\htdocs\study\thinkphp\Apps\Home\Controller\TestController.class.php 第 9 行.
SQL: SHOW COLUMNS FROM `course` [ RunTime:0.0389s ]
SQL: SELECT * FROM `course` LIMIT 0,10   [ RunTime:0.0008s ]
SQL: SELECT COUNT(*) AS tp_count FROM `course` LIMIT 1   [ RunTime:0.0004s ]
NOTIC: [8] Undefined variable: page E:\xampp\htdocs\study\thinkphp\Apps\Home\Controller\TestController.class.php 第 18 行.
NOTIC: [8] Undefined index: query E:\xampp\htdocs\study\thinkphp\ThinkPHP\Library\Org\Util\MyPager.class.php 第 50 行.
INFO: [ view_parse ] --START--
INFO: [ template_filter ] --START--
INFO: Run Behavior\ContentReplaceBehavior [ RunTime:0.000112s ]
INFO: [ template_filter ] --END-- [ RunTime:-0.063380s ]
INFO: Run Behavior\ParseTemplateBehavior [ RunTime:0.015431s ]
INFO: [ view_parse ] --END-- [ RunTime:-0.054533s ]
INFO: [ view_filter ] --START--
INFO: Run Behavior\WriteHtmlCacheBehavior [ RunTime:0.000018s ]
INFO: [ view_filter ] --END-- [ RunTime:-0.069210s ]
INFO: [ app_end ] --START--
INFO: Run Behavior\ShowPageTraceBehavior [ RunTime:0.000973s ]
INFO: [ app_end ] --END-- [ RunTime:0.001074s ]

[ 2015-05-12T23:52:49+08:00 ] ::1 /study/thinkphp/index.php/home/test
INFO: [ app_init ] --START--
INFO: Run Behavior\BuildLiteBehavior [ RunTime:0.000018s ]
INFO: [ app_init ] --END-- [ RunTime:0.000518s ]
INFO: [ app_begin ] --START--
INFO: Run Behavior\ReadHtmlCacheBehavior [ RunTime:0.000591s ]
INFO: [ app_begin ] --END-- [ RunTime:0.000662s ]
NOTIC: [8] A session had already been started - ignoring session_start() E:\xampp\htdocs\study\thinkphp\ThinkPHP\Common\functions.php 第 1263 行.
NOTIC: [2048] Declaration of Think\MyController::login() should be compatible with Think\Controller::login() E:\xampp\htdocs\study\thinkphp\ThinkPHP\Library\Think\MyController.class.php 第 38 行.
NOTIC: [8] Undefined variable: session E:\xampp\htdocs\study\thinkphp\ThinkPHP\Library\Think\MyController.class.php 第 19 行.
NOTIC: [2] Missing argument 1 for Think\MyController::login(), called in E:\xampp\htdocs\study\thinkphp\ThinkPHP\Library\Think\MyController.class.php on line 10 and defined E:\xampp\htdocs\study\thinkphp\ThinkPHP\Library\Think\MyController.class.php 第 31 行.
NOTIC: [8] Undefined variable: name E:\xampp\htdocs\study\thinkphp\ThinkPHP\Library\Think\MyController.class.php 第 32 行.
INFO: [ view_parse ] --START--
INFO: [ template_filter ] --START--
INFO: Run Behavior\ContentReplaceBehavior [ RunTime:0.000058s ]
INFO: [ template_filter ] --END-- [ RunTime:0.000174s ]
INFO: Run Behavior\ParseTemplateBehavior [ RunTime:0.012223s ]
INFO: [ view_parse ] --END-- [ RunTime:0.012338s ]
INFO: [ view_filter ] --START--
INFO: Run Behavior\WriteHtmlCacheBehavior [ RunTime:0.000479s ]
INFO: [ view_filter ] --END-- [ RunTime:0.000574s ]
NOTIC: [8] Undefined variable: page E:\xampp\htdocs\study\thinkphp\Apps\Home\Controller\TestController.class.php 第 9 行.
SQL: SHOW COLUMNS FROM `course` [ RunTime:0.0692s ]
SQL: SELECT * FROM `course` LIMIT 0,10   [ RunTime:0.0007s ]
SQL: SELECT COUNT(*) AS tp_count FROM `course` LIMIT 1   [ RunTime:0.0003s ]
NOTIC: [8] Undefined variable: page E:\xampp\htdocs\study\thinkphp\Apps\Home\Controller\TestController.class.php 第 18 行.
NOTIC: [8] Undefined index: query E:\xampp\htdocs\study\thinkphp\ThinkPHP\Library\Org\Util\MyPager.class.php 第 50 行.
INFO: [ view_parse ] --START--
INFO: [ template_filter ] --START--
INFO: Run Behavior\ContentReplaceBehavior [ RunTime:0.000086s ]
INFO: [ template_filter ] --END-- [ RunTime:-0.097019s ]
INFO: Run Behavior\ParseTemplateBehavior [ RunTime:0.016292s ]
INFO: [ view_parse ] --END-- [ RunTime:-0.088412s ]
INFO: [ view_filter ] --START--
INFO: Run Behavior\WriteHtmlCacheBehavior [ RunTime:0.000028s ]
INFO: [ view_filter ] --END-- [ RunTime:-0.104219s ]
INFO: [ app_end ] --START--
INFO: Run Behavior\ShowPageTraceBehavior [ RunTime:0.001808s ]
INFO: [ app_end ] --END-- [ RunTime:0.002052s ]

[ 2015-05-12T23:53:51+08:00 ] ::1 /study/thinkphp/index.php/home/test
INFO: [ app_init ] --START--
INFO: Run Behavior\BuildLiteBehavior [ RunTime:0.000019s ]
INFO: [ app_init ] --END-- [ RunTime:0.000587s ]
INFO: [ app_begin ] --START--
INFO: Run Behavior\ReadHtmlCacheBehavior [ RunTime:0.000785s ]
INFO: [ app_begin ] --END-- [ RunTime:0.000857s ]
NOTIC: [8] A session had already been started - ignoring session_start() E:\xampp\htdocs\study\thinkphp\ThinkPHP\Common\functions.php 第 1263 行.
NOTIC: [2048] Declaration of Think\MyController::login() should be compatible with Think\Controller::login() E:\xampp\htdocs\study\thinkphp\ThinkPHP\Library\Think\MyController.class.php 第 38 行.
NOTIC: [8] Undefined variable: session E:\xampp\htdocs\study\thinkphp\ThinkPHP\Library\Think\MyController.class.php 第 19 行.
NOTIC: [2] Missing argument 1 for Think\MyController::login(), called in E:\xampp\htdocs\study\thinkphp\ThinkPHP\Library\Think\MyController.class.php on line 10 and defined E:\xampp\htdocs\study\thinkphp\ThinkPHP\Library\Think\MyController.class.php 第 31 行.
NOTIC: [8] Undefined variable: name E:\xampp\htdocs\study\thinkphp\ThinkPHP\Library\Think\MyController.class.php 第 32 行.
INFO: [ view_parse ] --START--
INFO: [ template_filter ] --START--
INFO: Run Behavior\ContentReplaceBehavior [ RunTime:0.000042s ]
INFO: [ template_filter ] --END-- [ RunTime:0.000151s ]
INFO: Run Behavior\ParseTemplateBehavior [ RunTime:0.016122s ]
INFO: [ view_parse ] --END-- [ RunTime:0.016256s ]
INFO: [ view_filter ] --START--
INFO: Run Behavior\WriteHtmlCacheBehavior [ RunTime:0.000521s ]
INFO: [ view_filter ] --END-- [ RunTime:0.000576s ]
NOTIC: [8] Undefined variable: page E:\xampp\htdocs\study\thinkphp\Apps\Home\Controller\TestController.class.php 第 9 行.
SQL: SHOW COLUMNS FROM `course` [ RunTime:0.0149s ]
SQL: SELECT * FROM `course` LIMIT 0,10   [ RunTime:0.0007s ]
SQL: SELECT COUNT(*) AS tp_count FROM `course` LIMIT 1   [ RunTime:0.0004s ]
NOTIC: [8] Undefined variable: page E:\xampp\htdocs\study\thinkphp\Apps\Home\Controller\TestController.class.php 第 18 行.
NOTIC: [8] Undefined index: query E:\xampp\htdocs\study\thinkphp\ThinkPHP\Library\Org\Util\MyPager.class.php 第 50 行.
INFO: [ view_parse ] --START--
INFO: [ template_filter ] --START--
INFO: Run Behavior\ContentReplaceBehavior [ RunTime:0.000106s ]
INFO: [ template_filter ] --END-- [ RunTime:-0.048243s ]
INFO: Run Behavior\ParseTemplateBehavior [ RunTime:0.016867s ]
INFO: [ view_parse ] --END-- [ RunTime:-0.034533s ]
INFO: [ view_filter ] --START--
INFO: Run Behavior\WriteHtmlCacheBehavior [ RunTime:0.000026s ]
INFO: [ view_filter ] --END-- [ RunTime:-0.050955s ]
INFO: [ app_end ] --START--
INFO: Run Behavior\ShowPageTraceBehavior [ RunTime:0.002377s ]
INFO: [ app_end ] --END-- [ RunTime:0.002591s ]

[ 2015-05-12T23:53:55+08:00 ] ::1 /study/thinkphp/index.php/home/test
INFO: [ app_init ] --START--
INFO: Run Behavior\BuildLiteBehavior [ RunTime:0.000017s ]
INFO: [ app_init ] --END-- [ RunTime:0.000470s ]
INFO: [ app_begin ] --START--
INFO: Run Behavior\ReadHtmlCacheBehavior [ RunTime:0.000966s ]
INFO: [ app_begin ] --END-- [ RunTime:0.001073s ]
NOTIC: [8] A session had already been started - ignoring session_start() E:\xampp\htdocs\study\thinkphp\ThinkPHP\Common\functions.php 第 1263 行.
NOTIC: [2048] Declaration of Think\MyController::login() should be compatible with Think\Controller::login() E:\xampp\htdocs\study\thinkphp\ThinkPHP\Library\Think\MyController.class.php 第 38 行.
NOTIC: [8] Undefined variable: session E:\xampp\htdocs\study\thinkphp\ThinkPHP\Library\Think\MyController.class.php 第 19 行.
NOTIC: [2] Missing argument 1 for Think\MyController::login(), called in E:\xampp\htdocs\study\thinkphp\ThinkPHP\Library\Think\MyController.class.php on line 10 and defined E:\xampp\htdocs\study\thinkphp\ThinkPHP\Library\Think\MyController.class.php 第 31 行.
NOTIC: [8] Undefined variable: name E:\xampp\htdocs\study\thinkphp\ThinkPHP\Library\Think\MyController.class.php 第 32 行.
INFO: [ view_parse ] --START--
INFO: [ template_filter ] --START--
INFO: Run Behavior\ContentReplaceBehavior [ RunTime:0.000046s ]
INFO: [ template_filter ] --END-- [ RunTime:0.000149s ]
INFO: Run Behavior\ParseTemplateBehavior [ RunTime:0.008832s ]
INFO: [ view_parse ] --END-- [ RunTime:0.009022s ]
INFO: [ view_filter ] --START--
INFO: Run Behavior\WriteHtmlCacheBehavior [ RunTime:0.000712s ]
INFO: [ view_filter ] --END-- [ RunTime:0.000784s ]
NOTIC: [8] Undefined variable: page E:\xampp\htdocs\study\thinkphp\Apps\Home\Controller\TestController.class.php 第 9 行.
SQL: SHOW COLUMNS FROM `course` [ RunTime:0.0909s ]
SQL: SELECT * FROM `course` LIMIT 0,10   [ RunTime:0.0007s ]
SQL: SELECT COUNT(*) AS tp_count FROM `course` LIMIT 1   [ RunTime:0.0004s ]
NOTIC: [8] Undefined variable: page E:\xampp\htdocs\study\thinkphp\Apps\Home\Controller\TestController.class.php 第 18 行.
NOTIC: [8] Undefined index: query E:\xampp\htdocs\study\thinkphp\ThinkPHP\Library\Org\Util\MyPager.class.php 第 50 行.
INFO: [ view_parse ] --START--
INFO: [ template_filter ] --START--
INFO: Run Behavior\ContentReplaceBehavior [ RunTime:0.000085s ]
INFO: [ template_filter ] --END-- [ RunTime:-0.114289s ]
INFO: Run Behavior\ParseTemplateBehavior [ RunTime:0.016631s ]
INFO: [ view_parse ] --END-- [ RunTime:-0.106102s ]
INFO: [ view_filter ] --START--
INFO: Run Behavior\WriteHtmlCacheBehavior [ RunTime:0.000019s ]
INFO: [ view_filter ] --END-- [ RunTime:-0.122011s ]
INFO: [ app_end ] --START--
INFO: Run Behavior\ShowPageTraceBehavior [ RunTime:0.000781s ]
INFO: [ app_end ] --END-- [ RunTime:0.000880s ]

[ 2015-05-12T23:54:35+08:00 ] ::1 /study/thinkphp/index.php/home/test
INFO: [ app_init ] --START--
INFO: Run Behavior\BuildLiteBehavior [ RunTime:0.000019s ]
INFO: [ app_init ] --END-- [ RunTime:0.000481s ]
INFO: [ app_begin ] --START--
INFO: Run Behavior\ReadHtmlCacheBehavior [ RunTime:0.000745s ]
INFO: [ app_begin ] --END-- [ RunTime:0.000815s ]
NOTIC: [8] A session had already been started - ignoring session_start() E:\xampp\htdocs\study\thinkphp\ThinkPHP\Common\functions.php 第 1263 行.
NOTIC: [2048] Declaration of Think\MyController::login() should be compatible with Think\Controller::login() E:\xampp\htdocs\study\thinkphp\ThinkPHP\Library\Think\MyController.class.php 第 39 行.
NOTIC: [8] A session had already been started - ignoring session_start() E:\xampp\htdocs\study\thinkphp\ThinkPHP\Library\Think\MyController.class.php 第 4 行.
NOTIC: [8] Undefined variable: session E:\xampp\htdocs\study\thinkphp\ThinkPHP\Library\Think\MyController.class.php 第 20 行.
NOTIC: [2] Missing argument 1 for Think\MyController::login(), called in E:\xampp\htdocs\study\thinkphp\ThinkPHP\Library\Think\MyController.class.php on line 11 and defined E:\xampp\htdocs\study\thinkphp\ThinkPHP\Library\Think\MyController.class.php 第 32 行.
NOTIC: [8] Undefined variable: name E:\xampp\htdocs\study\thinkphp\ThinkPHP\Library\Think\MyController.class.php 第 33 行.
INFO: [ view_parse ] --START--
INFO: [ template_filter ] --START--
INFO: Run Behavior\ContentReplaceBehavior [ RunTime:0.000068s ]
INFO: [ template_filter ] --END-- [ RunTime:0.000184s ]
INFO: Run Behavior\ParseTemplateBehavior [ RunTime:0.011307s ]
INFO: [ view_parse ] --END-- [ RunTime:0.011422s ]
INFO: [ view_filter ] --START--
INFO: Run Behavior\WriteHtmlCacheBehavior [ RunTime:0.000536s ]
INFO: [ view_filter ] --END-- [ RunTime:0.000590s ]
NOTIC: [8] Undefined variable: page E:\xampp\htdocs\study\thinkphp\Apps\Home\Controller\TestController.class.php 第 9 行.
SQL: SHOW COLUMNS FROM `course` [ RunTime:0.0692s ]
SQL: SELECT * FROM `course` LIMIT 0,10   [ RunTime:0.0007s ]
SQL: SELECT COUNT(*) AS tp_count FROM `course` LIMIT 1   [ RunTime:0.0004s ]
NOTIC: [8] Undefined variable: page E:\xampp\htdocs\study\thinkphp\Apps\Home\Controller\TestController.class.php 第 18 行.
NOTIC: [8] Undefined index: query E:\xampp\htdocs\study\thinkphp\ThinkPHP\Library\Org\Util\MyPager.class.php 第 50 行.
INFO: [ view_parse ] --START--
INFO: [ template_filter ] --START--
INFO: Run Behavior\ContentReplaceBehavior [ RunTime:0.000243s ]
INFO: [ template_filter ] --END-- [ RunTime:-0.096966s ]
INFO: Run Behavior\ParseTemplateBehavior [ RunTime:0.017788s ]
INFO: [ view_parse ] --END-- [ RunTime:-0.088546s ]
INFO: [ view_filter ] --START--
INFO: Run Behavior\WriteHtmlCacheBehavior [ RunTime:0.000017s ]
INFO: [ view_filter ] --END-- [ RunTime:-0.105826s ]
INFO: [ app_end ] --START--
INFO: Run Behavior\ShowPageTraceBehavior [ RunTime:0.002444s ]
INFO: [ app_end ] --END-- [ RunTime:0.002687s ]

[ 2015-05-12T23:55:14+08:00 ] ::1 /study/thinkphp/index.php/home/test
INFO: [ app_init ] --START--
INFO: Run Behavior\BuildLiteBehavior [ RunTime:0.000020s ]
INFO: [ app_init ] --END-- [ RunTime:0.000509s ]
INFO: [ app_begin ] --START--
INFO: Run Behavior\ReadHtmlCacheBehavior [ RunTime:0.000641s ]
INFO: [ app_begin ] --END-- [ RunTime:0.000720s ]
NOTIC: [8] A session had already been started - ignoring session_start() E:\xampp\htdocs\study\thinkphp\ThinkPHP\Common\functions.php 第 1263 行.
NOTIC: [2048] Declaration of Think\MyController::login() should be compatible with Think\Controller::login() E:\xampp\htdocs\study\thinkphp\ThinkPHP\Library\Think\MyController.class.php 第 41 行.
NOTIC: [8] A session had already been started - ignoring session_start() E:\xampp\htdocs\study\thinkphp\ThinkPHP\Library\Think\MyController.class.php 第 4 行.
NOTIC: [8] Undefined variable: session E:\xampp\htdocs\study\thinkphp\ThinkPHP\Library\Think\MyController.class.php 第 20 行.
NOTIC: [2] Missing argument 1 for Think\MyController::login(), called in E:\xampp\htdocs\study\thinkphp\ThinkPHP\Library\Think\MyController.class.php on line 11 and defined E:\xampp\htdocs\study\thinkphp\ThinkPHP\Library\Think\MyController.class.php 第 32 行.
NOTIC: [8] Undefined variable: name E:\xampp\htdocs\study\thinkphp\ThinkPHP\Library\Think\MyController.class.php 第 33 行.
INFO: [ view_parse ] --START--
INFO: [ template_filter ] --START--
INFO: Run Behavior\ContentReplaceBehavior [ RunTime:0.000097s ]
INFO: [ template_filter ] --END-- [ RunTime:0.000253s ]
INFO: Run Behavior\ParseTemplateBehavior [ RunTime:0.009575s ]
INFO: [ view_parse ] --END-- [ RunTime:0.009655s ]
INFO: [ view_filter ] --START--
INFO: Run Behavior\WriteHtmlCacheBehavior [ RunTime:0.000356s ]
INFO: [ view_filter ] --END-- [ RunTime:0.000409s ]
NOTIC: [8] Undefined variable: page E:\xampp\htdocs\study\thinkphp\Apps\Home\Controller\TestController.class.php 第 9 行.
SQL: SHOW COLUMNS FROM `course` [ RunTime:0.0307s ]
SQL: SELECT * FROM `course` LIMIT 0,10   [ RunTime:0.0007s ]
SQL: SELECT COUNT(*) AS tp_count FROM `course` LIMIT 1   [ RunTime:0.0004s ]
NOTIC: [8] Undefined variable: page E:\xampp\htdocs\study\thinkphp\Apps\Home\Controller\TestController.class.php 第 18 行.
NOTIC: [8] Undefined index: query E:\xampp\htdocs\study\thinkphp\ThinkPHP\Library\Org\Util\MyPager.class.php 第 50 行.
INFO: [ view_parse ] --START--
INFO: [ template_filter ] --START--
INFO: Run Behavior\ContentReplaceBehavior [ RunTime:0.000088s ]
INFO: [ template_filter ] --END-- [ RunTime:-0.053641s ]
INFO: Run Behavior\ParseTemplateBehavior [ RunTime:0.015872s ]
INFO: [ view_parse ] --END-- [ RunTime:-0.047043s ]
INFO: [ view_filter ] --START--
INFO: Run Behavior\WriteHtmlCacheBehavior [ RunTime:0.000018s ]
INFO: [ view_filter ] --END-- [ RunTime:-0.062591s ]
INFO: [ app_end ] --START--
INFO: Run Behavior\ShowPageTraceBehavior [ RunTime:0.000959s ]
INFO: [ app_end ] --END-- [ RunTime:0.001064s ]

[ 2015-05-12T23:56:27+08:00 ] ::1 /study/thinkphp/index.php/home/test
INFO: [ app_init ] --START--
INFO: Run Behavior\BuildLiteBehavior [ RunTime:0.000029s ]
INFO: [ app_init ] --END-- [ RunTime:0.000783s ]
INFO: [ app_begin ] --START--
INFO: Run Behavior\ReadHtmlCacheBehavior [ RunTime:0.000656s ]
INFO: [ app_begin ] --END-- [ RunTime:0.000728s ]
NOTIC: [8] A session had already been started - ignoring session_start() E:\xampp\htdocs\study\thinkphp\ThinkPHP\Common\functions.php 第 1263 行.
NOTIC: [2048] Declaration of Think\MyController::login() should be compatible with Think\Controller::login() E:\xampp\htdocs\study\thinkphp\ThinkPHP\Library\Think\MyController.class.php 第 43 行.
NOTIC: [8] A session had already been started - ignoring session_start() E:\xampp\htdocs\study\thinkphp\ThinkPHP\Library\Think\MyController.class.php 第 4 行.
NOTIC: [8] Undefined variable: session E:\xampp\htdocs\study\thinkphp\ThinkPHP\Library\Think\MyController.class.php 第 20 行.
NOTIC: [2] Missing argument 1 for Think\MyController::login(), called in E:\xampp\htdocs\study\thinkphp\ThinkPHP\Library\Think\MyController.class.php on line 11 and defined E:\xampp\htdocs\study\thinkphp\ThinkPHP\Library\Think\MyController.class.php 第 32 行.
NOTIC: [8] Undefined variable: name E:\xampp\htdocs\study\thinkphp\ThinkPHP\Library\Think\MyController.class.php 第 33 行.
NOTIC: [8] Undefined variable: name E:\xampp\htdocs\study\thinkphp\ThinkPHP\Library\Think\MyController.class.php 第 35 行.
INFO: [ view_parse ] --START--
INFO: [ template_filter ] --START--
INFO: Run Behavior\ContentReplaceBehavior [ RunTime:0.000091s ]
INFO: [ template_filter ] --END-- [ RunTime:0.000271s ]
INFO: Run Behavior\ParseTemplateBehavior [ RunTime:0.009604s ]
INFO: [ view_parse ] --END-- [ RunTime:0.009703s ]
INFO: [ view_filter ] --START--
INFO: Run Behavior\WriteHtmlCacheBehavior [ RunTime:0.000433s ]
INFO: [ view_filter ] --END-- [ RunTime:0.000491s ]
NOTIC: [8] Undefined variable: page E:\xampp\htdocs\study\thinkphp\Apps\Home\Controller\TestController.class.php 第 9 行.
SQL: SHOW COLUMNS FROM `course` [ RunTime:0.0697s ]
SQL: SELECT * FROM `course` LIMIT 0,10   [ RunTime:0.0007s ]
SQL: SELECT COUNT(*) AS tp_count FROM `course` LIMIT 1   [ RunTime:0.0003s ]
NOTIC: [8] Undefined variable: page E:\xampp\htdocs\study\thinkphp\Apps\Home\Controller\TestController.class.php 第 18 行.
NOTIC: [8] Undefined index: query E:\xampp\htdocs\study\thinkphp\ThinkPHP\Library\Org\Util\MyPager.class.php 第 50 行.
INFO: [ view_parse ] --START--
INFO: [ template_filter ] --START--
INFO: Run Behavior\ContentReplaceBehavior [ RunTime:0.000119s ]
INFO: [ template_filter ] --END-- [ RunTime:-0.095519s ]
INFO: Run Behavior\ParseTemplateBehavior [ RunTime:0.017382s ]
INFO: [ view_parse ] --END-- [ RunTime:-0.088415s ]
INFO: [ view_filter ] --START--
INFO: Run Behavior\WriteHtmlCacheBehavior [ RunTime:0.000018s ]
INFO: [ view_filter ] --END-- [ RunTime:-0.105412s ]
INFO: [ app_end ] --START--
INFO: Run Behavior\ShowPageTraceBehavior [ RunTime:0.001045s ]
INFO: [ app_end ] --END-- [ RunTime:0.001156s ]

[ 2015-05-12T23:57:28+08:00 ] ::1 /study/thinkphp/index.php/home/test
INFO: [ app_init ] --START--
INFO: Run Behavior\BuildLiteBehavior [ RunTime:0.000052s ]
INFO: [ app_init ] --END-- [ RunTime:0.001324s ]
INFO: [ app_begin ] --START--
INFO: Run Behavior\ReadHtmlCacheBehavior [ RunTime:0.001068s ]
INFO: [ app_begin ] --END-- [ RunTime:0.001209s ]
NOTIC: [8] A session had already been started - ignoring session_start() E:\xampp\htdocs\study\thinkphp\ThinkPHP\Common\functions.php 第 1263 行.
NOTIC: [2048] Declaration of Think\MyController::login() should be compatible with Think\Controller::login() E:\xampp\htdocs\study\thinkphp\ThinkPHP\Library\Think\MyController.class.php 第 44 行.
NOTIC: [8] A session had already been started - ignoring session_start() E:\xampp\htdocs\study\thinkphp\ThinkPHP\Library\Think\MyController.class.php 第 4 行.
NOTIC: [8] Undefined variable: session E:\xampp\htdocs\study\thinkphp\ThinkPHP\Library\Think\MyController.class.php 第 21 行.
NOTIC: [8] Undefined variable: name E:\xampp\htdocs\study\thinkphp\ThinkPHP\Library\Think\MyController.class.php 第 10 行.
NOTIC: [2] Missing argument 1 for Think\MyController::login(), called in E:\xampp\htdocs\study\thinkphp\ThinkPHP\Library\Think\MyController.class.php on line 12 and defined E:\xampp\htdocs\study\thinkphp\ThinkPHP\Library\Think\MyController.class.php 第 33 行.
NOTIC: [8] Undefined variable: name E:\xampp\htdocs\study\thinkphp\ThinkPHP\Library\Think\MyController.class.php 第 34 行.
NOTIC: [8] Undefined variable: name E:\xampp\htdocs\study\thinkphp\ThinkPHP\Library\Think\MyController.class.php 第 36 行.
INFO: [ view_parse ] --START--
INFO: [ template_filter ] --START--
INFO: Run Behavior\ContentReplaceBehavior [ RunTime:0.000041s ]
INFO: [ template_filter ] --END-- [ RunTime:0.000133s ]
INFO: Run Behavior\ParseTemplateBehavior [ RunTime:0.007878s ]
INFO: [ view_parse ] --END-- [ RunTime:0.007960s ]
INFO: [ view_filter ] --START--
INFO: Run Behavior\WriteHtmlCacheBehavior [ RunTime:0.000627s ]
INFO: [ view_filter ] --END-- [ RunTime:0.000732s ]
NOTIC: [8] Undefined variable: page E:\xampp\htdocs\study\thinkphp\Apps\Home\Controller\TestController.class.php 第 9 行.
SQL: SHOW COLUMNS FROM `course` [ RunTime:0.0656s ]
SQL: SELECT * FROM `course` LIMIT 0,10   [ RunTime:0.0009s ]
SQL: SELECT COUNT(*) AS tp_count FROM `course` LIMIT 1   [ RunTime:0.0005s ]
NOTIC: [8] Undefined variable: page E:\xampp\htdocs\study\thinkphp\Apps\Home\Controller\TestController.class.php 第 18 行.
NOTIC: [8] Undefined index: query E:\xampp\htdocs\study\thinkphp\ThinkPHP\Library\Org\Util\MyPager.class.php 第 50 行.
INFO: [ view_parse ] --START--
INFO: [ template_filter ] --START--
INFO: Run Behavior\ContentReplaceBehavior [ RunTime:0.000089s ]
INFO: [ template_filter ] --END-- [ RunTime:-0.093993s ]
INFO: Run Behavior\ParseTemplateBehavior [ RunTime:0.017784s ]
INFO: [ view_parse ] --END-- [ RunTime:-0.086579s ]
INFO: [ view_filter ] --START--
INFO: Run Behavior\WriteHtmlCacheBehavior [ RunTime:0.000038s ]
INFO: [ view_filter ] --END-- [ RunTime:-0.103927s ]
INFO: [ app_end ] --START--
INFO: Run Behavior\ShowPageTraceBehavior [ RunTime:0.001299s ]
INFO: [ app_end ] --END-- [ RunTime:0.001496s ]

[ 2015-05-12T23:58:07+08:00 ] ::1 /study/thinkphp/index.php/home/plans.html
INFO: [ app_init ] --START--
INFO: Run Behavior\BuildLiteBehavior [ RunTime:0.000020s ]
INFO: [ app_init ] --END-- [ RunTime:0.000506s ]
INFO: [ app_begin ] --START--
INFO: Run Behavior\ReadHtmlCacheBehavior [ RunTime:0.000767s ]
INFO: [ app_begin ] --END-- [ RunTime:0.000838s ]
NOTIC: [8] A session had already been started - ignoring session_start() E:\xampp\htdocs\study\thinkphp\ThinkPHP\Common\functions.php 第 1263 行.
ERR: 无法加载控制器:Plans

[ 2015-05-12T23:58:11+08:00 ] ::1 /study/thinkphp/index.php/home/course
INFO: [ app_init ] --START--
INFO: Run Behavior\BuildLiteBehavior [ RunTime:0.000018s ]
INFO: [ app_init ] --END-- [ RunTime:0.000469s ]
INFO: [ app_begin ] --START--
INFO: Run Behavior\ReadHtmlCacheBehavior [ RunTime:0.000596s ]
INFO: [ app_begin ] --END-- [ RunTime:0.000666s ]
NOTIC: [8] A session had already been started - ignoring session_start() E:\xampp\htdocs\study\thinkphp\ThinkPHP\Common\functions.php 第 1263 行.
NOTIC: [8] Undefined index: page E:\xampp\htdocs\study\thinkphp\Apps\Home\Controller\CourseController.class.php 第 16 行.
NOTIC: [8] Undefined variable: name E:\xampp\htdocs\study\thinkphp\ThinkPHP\Library\Think\Controller.class.php 第 121 行.
INFO: [ view_parse ] --START--
INFO: [ template_filter ] --START--
INFO: Run Behavior\ContentReplaceBehavior [ RunTime:0.000041s ]
INFO: [ template_filter ] --END-- [ RunTime:0.000118s ]
INFO: Run Behavior\ParseTemplateBehavior [ RunTime:0.008613s ]
INFO: [ view_parse ] --END-- [ RunTime:0.008707s ]
INFO: [ view_filter ] --START--
INFO: Run Behavior\WriteHtmlCacheBehavior [ RunTime:0.000502s ]
INFO: [ view_filter ] --END-- [ RunTime:0.000563s ]
INFO: [ app_end ] --START--
INFO: Run Behavior\ShowPageTraceBehavior [ RunTime:0.000761s ]
INFO: [ app_end ] --END-- [ RunTime:0.000825s ]

[ 2015-05-12T23:58:17+08:00 ] ::1 /study/thinkphp/index.php/home/course
INFO: [ app_init ] --START--
INFO: Run Behavior\BuildLiteBehavior [ RunTime:0.000018s ]
INFO: [ app_init ] --END-- [ RunTime:0.000480s ]
INFO: [ app_begin ] --START--
INFO: Run Behavior\ReadHtmlCacheBehavior [ RunTime:0.000581s ]
INFO: [ app_begin ] --END-- [ RunTime:0.000653s ]
NOTIC: [8] A session had already been started - ignoring session_start() E:\xampp\htdocs\study\thinkphp\ThinkPHP\Common\functions.php 第 1263 行.
NOTIC: [8] Undefined index: page E:\xampp\htdocs\study\thinkphp\Apps\Home\Controller\CourseController.class.php 第 16 行.
NOTIC: [8] Undefined variable: name E:\xampp\htdocs\study\thinkphp\ThinkPHP\Library\Think\Controller.class.php 第 121 行.
INFO: [ view_parse ] --START--
INFO: [ template_filter ] --START--
INFO: Run Behavior\ContentReplaceBehavior [ RunTime:0.000042s ]
INFO: [ template_filter ] --END-- [ RunTime:0.000122s ]
INFO: Run Behavior\ParseTemplateBehavior [ RunTime:0.008842s ]
INFO: [ view_parse ] --END-- [ RunTime:0.008929s ]
INFO: [ view_filter ] --START--
INFO: Run Behavior\WriteHtmlCacheBehavior [ RunTime:0.000354s ]
INFO: [ view_filter ] --END-- [ RunTime:0.000412s ]
INFO: [ app_end ] --START--
INFO: Run Behavior\ShowPageTraceBehavior [ RunTime:0.000620s ]
INFO: [ app_end ] --END-- [ RunTime:0.000682s ]

[ 2015-05-12T23:58:25+08:00 ] ::1 /study/thinkphp/index.php/home/test
INFO: [ app_init ] --START--
INFO: Run Behavior\BuildLiteBehavior [ RunTime:0.000017s ]
INFO: [ app_init ] --END-- [ RunTime:0.000511s ]
INFO: [ app_begin ] --START--
INFO: Run Behavior\ReadHtmlCacheBehavior [ RunTime:0.000646s ]
INFO: [ app_begin ] --END-- [ RunTime:0.000738s ]
NOTIC: [8] A session had already been started - ignoring session_start() E:\xampp\htdocs\study\thinkphp\ThinkPHP\Common\functions.php 第 1263 行.
NOTIC: [2048] Declaration of Think\MyController::login() should be compatible with Think\Controller::login() E:\xampp\htdocs\study\thinkphp\ThinkPHP\Library\Think\MyController.class.php 第 44 行.
NOTIC: [8] A session had already been started - ignoring session_start() E:\xampp\htdocs\study\thinkphp\ThinkPHP\Library\Think\MyController.class.php 第 4 行.
NOTIC: [8] Undefined variable: session E:\xampp\htdocs\study\thinkphp\ThinkPHP\Library\Think\MyController.class.php 第 21 行.
NOTIC: [8] Undefined variable: name E:\xampp\htdocs\study\thinkphp\ThinkPHP\Library\Think\MyController.class.php 第 10 行.
NOTIC: [2] Missing argument 1 for Think\MyController::login(), called in E:\xampp\htdocs\study\thinkphp\ThinkPHP\Library\Think\MyController.class.php on line 12 and defined E:\xampp\htdocs\study\thinkphp\ThinkPHP\Library\Think\MyController.class.php 第 33 行.
NOTIC: [8] Undefined variable: name E:\xampp\htdocs\study\thinkphp\ThinkPHP\Library\Think\MyController.class.php 第 34 行.
NOTIC: [8] Undefined variable: name E:\xampp\htdocs\study\thinkphp\ThinkPHP\Library\Think\MyController.class.php 第 36 行.
INFO: [ view_parse ] --START--
INFO: [ template_filter ] --START--
INFO: Run Behavior\ContentReplaceBehavior [ RunTime:0.000038s ]
INFO: [ template_filter ] --END-- [ RunTime:0.000115s ]
INFO: Run Behavior\ParseTemplateBehavior [ RunTime:0.006987s ]
INFO: [ view_parse ] --END-- [ RunTime:0.007113s ]
INFO: [ view_filter ] --START--
INFO: Run Behavior\WriteHtmlCacheBehavior [ RunTime:0.000368s ]
INFO: [ view_filter ] --END-- [ RunTime:0.000422s ]
NOTIC: [8] Undefined variable: page E:\xampp\htdocs\study\thinkphp\Apps\Home\Controller\TestController.class.php 第 9 行.
SQL: SHOW COLUMNS FROM `course` [ RunTime:0.0340s ]
SQL: SELECT * FROM `course` LIMIT 0,10   [ RunTime:0.0007s ]
SQL: SELECT COUNT(*) AS tp_count FROM `course` LIMIT 1   [ RunTime:0.0004s ]
NOTIC: [8] Undefined variable: page E:\xampp\htdocs\study\thinkphp\Apps\Home\Controller\TestController.class.php 第 18 行.
NOTIC: [8] Undefined index: query E:\xampp\htdocs\study\thinkphp\ThinkPHP\Library\Org\Util\MyPager.class.php 第 50 行.
INFO: [ view_parse ] --START--
INFO: [ template_filter ] --START--
INFO: Run Behavior\ContentReplaceBehavior [ RunTime:0.000084s ]
INFO: [ template_filter ] --END-- [ RunTime:-0.057234s ]
INFO: Run Behavior\ParseTemplateBehavior [ RunTime:0.014032s ]
INFO: [ view_parse ] --END-- [ RunTime:-0.050977s ]
INFO: [ view_filter ] --START--
INFO: Run Behavior\WriteHtmlCacheBehavior [ RunTime:0.000018s ]
INFO: [ view_filter ] --END-- [ RunTime:-0.064673s ]
INFO: [ app_end ] --START--
INFO: Run Behavior\ShowPageTraceBehavior [ RunTime:0.001005s ]
INFO: [ app_end ] --END-- [ RunTime:0.001127s ]

[ 2015-05-12T23:58:26+08:00 ] ::1 /study/thinkphp/index.php/home/test
INFO: [ app_init ] --START--
INFO: Run Behavior\BuildLiteBehavior [ RunTime:0.000028s ]
INFO: [ app_init ] --END-- [ RunTime:0.000685s ]
INFO: [ app_begin ] --START--
INFO: Run Behavior\ReadHtmlCacheBehavior [ RunTime:0.000691s ]
INFO: [ app_begin ] --END-- [ RunTime:0.000775s ]
NOTIC: [8] A session had already been started - ignoring session_start() E:\xampp\htdocs\study\thinkphp\ThinkPHP\Common\functions.php 第 1263 行.
NOTIC: [2048] Declaration of Think\MyController::login() should be compatible with Think\Controller::login() E:\xampp\htdocs\study\thinkphp\ThinkPHP\Library\Think\MyController.class.php 第 44 行.
NOTIC: [8] A session had already been started - ignoring session_start() E:\xampp\htdocs\study\thinkphp\ThinkPHP\Library\Think\MyController.class.php 第 4 行.
NOTIC: [8] Undefined variable: session E:\xampp\htdocs\study\thinkphp\ThinkPHP\Library\Think\MyController.class.php 第 21 行.
NOTIC: [8] Undefined variable: name E:\xampp\htdocs\study\thinkphp\ThinkPHP\Library\Think\MyController.class.php 第 10 行.
NOTIC: [2] Missing argument 1 for Think\MyController::login(), called in E:\xampp\htdocs\study\thinkphp\ThinkPHP\Library\Think\MyController.class.php on line 12 and defined E:\xampp\htdocs\study\thinkphp\ThinkPHP\Library\Think\MyController.class.php 第 33 行.
NOTIC: [8] Undefined variable: name E:\xampp\htdocs\study\thinkphp\ThinkPHP\Library\Think\MyController.class.php 第 34 行.
NOTIC: [8] Undefined variable: name E:\xampp\htdocs\study\thinkphp\ThinkPHP\Library\Think\MyController.class.php 第 36 行.
INFO: [ view_parse ] --START--
INFO: [ template_filter ] --START--
INFO: Run Behavior\ContentReplaceBehavior [ RunTime:0.000125s ]
INFO: [ template_filter ] --END-- [ RunTime:0.000372s ]
INFO: Run Behavior\ParseTemplateBehavior [ RunTime:0.012129s ]
INFO: [ view_parse ] --END-- [ RunTime:0.012254s ]
INFO: [ view_filter ] --START--
INFO: Run Behavior\WriteHtmlCacheBehavior [ RunTime:0.000548s ]
INFO: [ view_filter ] --END-- [ RunTime:0.000646s ]
NOTIC: [8] Undefined variable: page E:\xampp\htdocs\study\thinkphp\Apps\Home\Controller\TestController.class.php 第 9 行.
SQL: SHOW COLUMNS FROM `course` [ RunTime:0.0544s ]
SQL: SELECT * FROM `course` LIMIT 0,10   [ RunTime:0.0007s ]
SQL: SELECT COUNT(*) AS tp_count FROM `course` LIMIT 1   [ RunTime:0.0004s ]
NOTIC: [8] Undefined variable: page E:\xampp\htdocs\study\thinkphp\Apps\Home\Controller\TestController.class.php 第 18 行.
NOTIC: [8] Undefined index: query E:\xampp\htdocs\study\thinkphp\ThinkPHP\Library\Org\Util\MyPager.class.php 第 50 行.
INFO: [ view_parse ] --START--
INFO: [ template_filter ] --START--
INFO: Run Behavior\ContentReplaceBehavior [ RunTime:0.000083s ]
INFO: [ template_filter ] --END-- [ RunTime:-0.081108s ]
INFO: Run Behavior\ParseTemplateBehavior [ RunTime:0.014910s ]
INFO: [ view_parse ] --END-- [ RunTime:-0.072667s ]
INFO: [ view_filter ] --START--
INFO: Run Behavior\WriteHtmlCacheBehavior [ RunTime:0.000024s ]
INFO: [ view_filter ] --END-- [ RunTime:-0.087014s ]
INFO: [ app_end ] --START--
INFO: Run Behavior\ShowPageTraceBehavior [ RunTime:0.001421s ]
INFO: [ app_end ] --END-- [ RunTime:0.001531s ]

[ 2015-05-12T23:59:38+08:00 ] ::1 /study/thinkphp/index.php/home/test
INFO: [ app_init ] --START--
INFO: Run Behavior\BuildLiteBehavior [ RunTime:0.000022s ]
INFO: [ app_init ] --END-- [ RunTime:0.000717s ]
INFO: [ app_begin ] --START--
INFO: Run Behavior\ReadHtmlCacheBehavior [ RunTime:0.001845s ]
INFO: [ app_begin ] --END-- [ RunTime:0.002002s ]
NOTIC: [8] A session had already been started - ignoring session_start() E:\xampp\htdocs\study\thinkphp\ThinkPHP\Common\functions.php 第 1263 行.
NOTIC: [2048] Declaration of Think\MyController::login() should be compatible with Think\Controller::login() E:\xampp\htdocs\study\thinkphp\ThinkPHP\Library\Think\MyController.class.php 第 44 行.
NOTIC: [8] A session had already been started - ignoring session_start() E:\xampp\htdocs\study\thinkphp\ThinkPHP\Library\Think\MyController.class.php 第 4 行.
NOTIC: [8] Undefined variable: session E:\xampp\htdocs\study\thinkphp\ThinkPHP\Library\Think\MyController.class.php 第 21 行.
NOTIC: [8] Undefined variable: name E:\xampp\htdocs\study\thinkphp\ThinkPHP\Library\Think\MyController.class.php 第 10 行.
NOTIC: [2] Missing argument 1 for Think\MyController::login(), called in E:\xampp\htdocs\study\thinkphp\ThinkPHP\Library\Think\MyController.class.php on line 12 and defined E:\xampp\htdocs\study\thinkphp\ThinkPHP\Library\Think\MyController.class.php 第 33 行.
NOTIC: [8] Undefined variable: name E:\xampp\htdocs\study\thinkphp\ThinkPHP\Library\Think\MyController.class.php 第 34 行.
NOTIC: [8] Undefined variable: name E:\xampp\htdocs\study\thinkphp\ThinkPHP\Library\Think\MyController.class.php 第 36 行.
INFO: [ view_parse ] --START--
INFO: [ template_filter ] --START--
INFO: Run Behavior\ContentReplaceBehavior [ RunTime:0.000042s ]
INFO: [ template_filter ] --END-- [ RunTime:0.000119s ]
INFO: Run Behavior\ParseTemplateBehavior [ RunTime:0.012221s ]
INFO: [ view_parse ] --END-- [ RunTime:0.012310s ]
INFO: [ view_filter ] --START--
INFO: Run Behavior\WriteHtmlCacheBehavior [ RunTime:0.000509s ]
INFO: [ view_filter ] --END-- [ RunTime:0.000566s ]
NOTIC: [8] Undefined variable: page E:\xampp\htdocs\study\thinkphp\Apps\Home\Controller\TestController.class.php 第 9 行.
SQL: SHOW COLUMNS FROM `course` [ RunTime:0.0710s ]
SQL: SELECT * FROM `course` LIMIT 0,10   [ RunTime:0.0007s ]
SQL: SELECT COUNT(*) AS tp_count FROM `course` LIMIT 1   [ RunTime:0.0004s ]
NOTIC: [8] Undefined variable: page E:\xampp\htdocs\study\thinkphp\Apps\Home\Controller\TestController.class.php 第 18 行.
NOTIC: [8] Undefined index: query E:\xampp\htdocs\study\thinkphp\ThinkPHP\Library\Org\Util\MyPager.class.php 第 50 行.
INFO: [ view_parse ] --START--
INFO: [ template_filter ] --START--
INFO: Run Behavior\ContentReplaceBehavior [ RunTime:0.000084s ]
INFO: [ template_filter ] --END-- [ RunTime:-0.099090s ]
INFO: Run Behavior\ParseTemplateBehavior [ RunTime:0.015932s ]
INFO: [ view_parse ] --END-- [ RunTime:-0.087885s ]
INFO: [ view_filter ] --START--
INFO: Run Behavior\WriteHtmlCacheBehavior [ RunTime:0.000060s ]
INFO: [ view_filter ] --END-- [ RunTime:-0.103386s ]
INFO: [ app_end ] --START--
INFO: Run Behavior\ShowPageTraceBehavior [ RunTime:0.001426s ]
INFO: [ app_end ] --END-- [ RunTime:0.001638s ]

[ 2015-05-12T23:59:45+08:00 ] ::1 /study/thinkphp/index.php/home/test
INFO: [ app_init ] --START--
INFO: Run Behavior\BuildLiteBehavior [ RunTime:0.000018s ]
INFO: [ app_init ] --END-- [ RunTime:0.000521s ]
INFO: [ app_begin ] --START--
INFO: Run Behavior\ReadHtmlCacheBehavior [ RunTime:0.000734s ]
INFO: [ app_begin ] --END-- [ RunTime:0.000804s ]
NOTIC: [8] A session had already been started - ignoring session_start() E:\xampp\htdocs\study\thinkphp\ThinkPHP\Common\functions.php 第 1263 行.
NOTIC: [2048] Declaration of Think\MyController::login() should be compatible with Think\Controller::login() E:\xampp\htdocs\study\thinkphp\ThinkPHP\Library\Think\MyController.class.php 第 44 行.
NOTIC: [8] A session had already been started - ignoring session_start() E:\xampp\htdocs\study\thinkphp\ThinkPHP\Library\Think\MyController.class.php 第 4 行.
NOTIC: [8] Undefined variable: session E:\xampp\htdocs\study\thinkphp\ThinkPHP\Library\Think\MyController.class.php 第 21 行.
NOTIC: [8] Undefined variable: name E:\xampp\htdocs\study\thinkphp\ThinkPHP\Library\Think\MyController.class.php 第 10 行.
NOTIC: [2] Missing argument 1 for Think\MyController::login(), called in E:\xampp\htdocs\study\thinkphp\ThinkPHP\Library\Think\MyController.class.php on line 12 and defined E:\xampp\htdocs\study\thinkphp\ThinkPHP\Library\Think\MyController.class.php 第 33 行.
NOTIC: [8] Undefined variable: name E:\xampp\htdocs\study\thinkphp\ThinkPHP\Library\Think\MyController.class.php 第 34 行.
NOTIC: [8] Undefined variable: name E:\xampp\htdocs\study\thinkphp\ThinkPHP\Library\Think\MyController.class.php 第 36 行.
INFO: [ view_parse ] --START--
INFO: [ template_filter ] --START--
INFO: Run Behavior\ContentReplaceBehavior [ RunTime:0.000104s ]
INFO: [ template_filter ] --END-- [ RunTime:0.000287s ]
INFO: Run Behavior\ParseTemplateBehavior [ RunTime:0.009494s ]
INFO: [ view_parse ] --END-- [ RunTime:0.009576s ]
INFO: [ view_filter ] --START--
INFO: Run Behavior\WriteHtmlCacheBehavior [ RunTime:0.000476s ]
INFO: [ view_filter ] --END-- [ RunTime:0.000533s ]
NOTIC: [8] Undefined variable: page E:\xampp\htdocs\study\thinkphp\Apps\Home\Controller\TestController.class.php 第 9 行.
SQL: SHOW COLUMNS FROM `course` [ RunTime:0.0484s ]
SQL: SELECT * FROM `course` LIMIT 0,10   [ RunTime:0.0007s ]
SQL: SELECT COUNT(*) AS tp_count FROM `course` LIMIT 1   [ RunTime:0.0005s ]
NOTIC: [8] Undefined variable: page E:\xampp\htdocs\study\thinkphp\Apps\Home\Controller\TestController.class.php 第 18 行.
NOTIC: [8] Undefined index: query E:\xampp\htdocs\study\thinkphp\ThinkPHP\Library\Org\Util\MyPager.class.php 第 50 行.
INFO: [ view_parse ] --START--
INFO: [ template_filter ] --START--
INFO: Run Behavior\ContentReplaceBehavior [ RunTime:0.000083s ]
INFO: [ template_filter ] --END-- [ RunTime:-0.071246s ]
INFO: Run Behavior\ParseTemplateBehavior [ RunTime:0.014436s ]
INFO: [ view_parse ] --END-- [ RunTime:-0.064611s ]
INFO: [ view_filter ] --START--
INFO: Run Behavior\WriteHtmlCacheBehavior [ RunTime:0.000019s ]
INFO: [ view_filter ] --END-- [ RunTime:-0.078596s ]
INFO: [ app_end ] --START--
INFO: Run Behavior\ShowPageTraceBehavior [ RunTime:0.001167s ]
INFO: [ app_end ] --END-- [ RunTime:0.001273s ]

