[ 2015-05-15T00:36:00+08:00 ] ::1 /study/thinkphp/index.php/home/course
INFO: [ app_init ] --START--
INFO: Run Behavior\BuildLiteBehavior [ RunTime:0.000023s ]
INFO: [ app_init ] --END-- [ RunTime:0.003501s ]
INFO: [ app_begin ] --START--
INFO: Run Behavior\ReadHtmlCacheBehavior [ RunTime:0.001436s ]
INFO: [ app_begin ] --END-- [ RunTime:0.001535s ]
NOTIC: [8] A session had already been started - ignoring session_start() E:\xampp\htdocs\study\thinkphp\ThinkPHP\Common\functions.php 第 1263 行.
NOTIC: [8] Undefined index: page E:\xampp\htdocs\study\thinkphp\Apps\Home\Controller\CourseController.class.php 第 7 行.
SQL: SHOW COLUMNS FROM `course_table` [ RunTime:0.0314s ]
SQL: SELECT `course_name` FROM `course_table`  [ RunTime:0.0005s ]
SQL: SHOW COLUMNS FROM `stu_course` [ RunTime:0.0096s ]
SQL: SELECT COUNT(*) AS tp_count FROM `stu_course` LIMIT 1   [ RunTime:0.0005s ]
NOTIC: [8] Undefined index: query E:\xampp\htdocs\study\thinkphp\ThinkPHP\Library\Org\Util\MyPager.class.php 第 50 行.
NOTIC: [8] Undefined variable: data E:\xampp\htdocs\study\thinkphp\Apps\Home\Controller\CourseController.class.php 第 39 行.
INFO: [ view_parse ] --START--
INFO: [ template_filter ] --START--
INFO: Run Behavior\ContentReplaceBehavior [ RunTime:0.000101s ]
INFO: [ template_filter ] --END-- [ RunTime:0.000181s ]
INFO: Run Behavior\ParseTemplateBehavior [ RunTime:0.277248s ]
INFO: [ view_parse ] --END-- [ RunTime:0.277364s ]
INFO: [ view_filter ] --START--
INFO: Run Behavior\WriteHtmlCacheBehavior [ RunTime:0.013514s ]
INFO: [ view_filter ] --END-- [ RunTime:0.013588s ]
INFO: [ app_end ] --START--
INFO: Run Behavior\ShowPageTraceBehavior [ RunTime:0.001816s ]
INFO: [ app_end ] --END-- [ RunTime:0.001920s ]

[ 2015-05-15T00:36:02+08:00 ] ::1 /study/thinkphp/index.php/home/test
INFO: [ app_init ] --START--
INFO: Run Behavior\BuildLiteBehavior [ RunTime:0.000021s ]
INFO: [ app_init ] --END-- [ RunTime:0.000622s ]
INFO: [ app_begin ] --START--
INFO: Run Behavior\ReadHtmlCacheBehavior [ RunTime:0.000664s ]
INFO: [ app_begin ] --END-- [ RunTime:0.000744s ]
NOTIC: [8] A session had already been started - ignoring session_start() E:\xampp\htdocs\study\thinkphp\ThinkPHP\Common\functions.php 第 1263 行.
NOTIC: [2048] Declaration of Think\MyController::login() should be compatible with Think\Controller::login() E:\xampp\htdocs\study\thinkphp\ThinkPHP\Library\Think\MyController.class.php 第 38 行.
NOTIC: [8] A session had already been started - ignoring session_start() E:\xampp\htdocs\study\thinkphp\ThinkPHP\Library\Think\MyController.class.php 第 4 行.
NOTIC: [8] Undefined index: page E:\xampp\htdocs\study\thinkphp\Apps\Home\Model\ScoreModel.class.php 第 10 行.
SQL: SHOW COLUMNS FROM `course` [ RunTime:0.0394s ]
SQL: SELECT * FROM `course` LIMIT 0,10   [ RunTime:0.0007s ]
SQL: SELECT COUNT(*) AS tp_count FROM `course` LIMIT 1   [ RunTime:0.0004s ]
NOTIC: [8] Undefined index: page E:\xampp\htdocs\study\thinkphp\Apps\Home\Model\ScoreModel.class.php 第 30 行.
NOTIC: [8] Undefined index: query E:\xampp\htdocs\study\thinkphp\ThinkPHP\Library\Org\Util\MyPager.class.php 第 50 行.
INFO: [ view_parse ] --START--
INFO: [ template_filter ] --START--
INFO: Run Behavior\ContentReplaceBehavior [ RunTime:0.000209s ]
INFO: [ template_filter ] --END-- [ RunTime:0.000401s ]
INFO: Run Behavior\ParseTemplateBehavior [ RunTime:0.062770s ]
INFO: [ view_parse ] --END-- [ RunTime:0.063148s ]
INFO: [ view_filter ] --START--
INFO: Run Behavior\WriteHtmlCacheBehavior [ RunTime:0.000579s ]
INFO: [ view_filter ] --END-- [ RunTime:0.000643s ]
INFO: [ app_end ] --START--
INFO: Run Behavior\ShowPageTraceBehavior [ RunTime:0.000683s ]
INFO: [ app_end ] --END-- [ RunTime:0.000772s ]

[ 2015-05-15T00:36:06+08:00 ] ::1 /study/thinkphp/index.php/home/student
INFO: [ app_init ] --START--
INFO: Run Behavior\BuildLiteBehavior [ RunTime:0.000020s ]
INFO: [ app_init ] --END-- [ RunTime:0.000521s ]
INFO: [ app_begin ] --START--
INFO: Run Behavior\ReadHtmlCacheBehavior [ RunTime:0.000926s ]
INFO: [ app_begin ] --END-- [ RunTime:0.001041s ]
NOTIC: [8] A session had already been started - ignoring session_start() E:\xampp\htdocs\study\thinkphp\ThinkPHP\Common\functions.php 第 1263 行.
NOTIC: [2048] Declaration of Think\MyController::login() should be compatible with Think\Controller::login() E:\xampp\htdocs\study\thinkphp\ThinkPHP\Library\Think\MyController.class.php 第 38 行.
NOTIC: [8] A session had already been started - ignoring session_start() E:\xampp\htdocs\study\thinkphp\ThinkPHP\Library\Think\MyController.class.php 第 4 行.
NOTIC: [8] Undefined index: page E:\xampp\htdocs\study\thinkphp\Apps\Home\Model\StudentModel.class.php 第 6 行.
SQL: SHOW COLUMNS FROM `stu_table` [ RunTime:0.0210s ]
SQL: SELECT * FROM `stu_table` LIMIT 0,10   [ RunTime:0.0009s ]
SQL: SELECT COUNT(*) AS tp_count FROM `stu_table` LIMIT 1   [ RunTime:0.0005s ]
NOTIC: [8] Undefined index: page E:\xampp\htdocs\study\thinkphp\Apps\Home\Model\StudentModel.class.php 第 21 行.
NOTIC: [8] Undefined index: query E:\xampp\htdocs\study\thinkphp\ThinkPHP\Library\Org\Util\MyPager.class.php 第 50 行.
INFO: [ view_parse ] --START--
INFO: [ template_filter ] --START--
INFO: Run Behavior\ContentReplaceBehavior [ RunTime:0.000090s ]
INFO: [ template_filter ] --END-- [ RunTime:0.000165s ]
INFO: Run Behavior\ParseTemplateBehavior [ RunTime:0.040978s ]
INFO: [ view_parse ] --END-- [ RunTime:0.041130s ]
INFO: [ view_filter ] --START--
INFO: Run Behavior\WriteHtmlCacheBehavior [ RunTime:0.000512s ]
INFO: [ view_filter ] --END-- [ RunTime:0.000600s ]
INFO: [ app_end ] --START--
INFO: Run Behavior\ShowPageTraceBehavior [ RunTime:0.000974s ]
INFO: [ app_end ] --END-- [ RunTime:0.001083s ]

