[ 2015-05-16T14:10:11+08:00 ] ::1 /study/thinkphp/index.php/home/test
INFO: [ app_init ] --START--
INFO: Run Behavior\BuildLiteBehavior [ RunTime:0.000049s ]
INFO: [ app_init ] --END-- [ RunTime:0.045935s ]
INFO: [ app_begin ] --START--
INFO: Run Behavior\ReadHtmlCacheBehavior [ RunTime:0.006070s ]
INFO: [ app_begin ] --END-- [ RunTime:0.006194s ]
NOTIC: [8] A session had already been started - ignoring session_start() E:\xampp\htdocs\study\thinkphp\ThinkPHP\Common\functions.php 第 1263 行.
NOTIC: [2048] Declaration of Think\MyController::login() should be compatible with Think\Controller::login() E:\xampp\htdocs\study\thinkphp\ThinkPHP\Library\Think\MyController.class.php 第 38 行.
NOTIC: [8] A session had already been started - ignoring session_start() E:\xampp\htdocs\study\thinkphp\ThinkPHP\Library\Think\MyController.class.php 第 4 行.
NOTIC: [2] Missing argument 1 for Think\MyController::login(), called in E:\xampp\htdocs\study\thinkphp\ThinkPHP\Library\Think\MyController.class.php on line 10 and defined E:\xampp\htdocs\study\thinkphp\ThinkPHP\Library\Think\MyController.class.php 第 30 行.
NOTIC: [8] Undefined index: uname E:\xampp\htdocs\study\thinkphp\ThinkPHP\Library\Think\MyController.class.php 第 31 行.
INFO: [ view_parse ] --START--
INFO: [ template_filter ] --START--
INFO: Run Behavior\ContentReplaceBehavior [ RunTime:0.000062s ]
INFO: [ template_filter ] --END-- [ RunTime:0.000158s ]
INFO: Run Behavior\ParseTemplateBehavior [ RunTime:0.230166s ]
INFO: [ view_parse ] --END-- [ RunTime:0.230328s ]
INFO: [ view_filter ] --START--
INFO: Run Behavior\WriteHtmlCacheBehavior [ RunTime:0.030100s ]
INFO: [ view_filter ] --END-- [ RunTime:0.030190s ]

