[ 2015-05-08T08:51:15+08:00 ] ::1 /study/thinkphp/fonts/glyphicons-halflings-regular.woff
INFO: [ app_init ] --START--
INFO: Run Behavior\BuildLiteBehavior [ RunTime:0.000021s ]
INFO: [ app_init ] --END-- [ RunTime:0.000852s ]
ERR: 无法加载模块:Fonts

[ 2015-05-08T08:51:15+08:00 ] ::1 /study/thinkphp/fonts/glyphicons-halflings-regular.ttf
INFO: [ app_init ] --START--
INFO: Run Behavior\BuildLiteBehavior [ RunTime:0.000019s ]
INFO: [ app_init ] --END-- [ RunTime:0.000829s ]
ERR: 无法加载模块:Fonts

[ 2015-05-08T09:32:10+08:00 ] ::1 /study/thinkphp/fonts/glyphicons-halflings-regular.woff
INFO: [ app_init ] --START--
INFO: Run Behavior\BuildLiteBehavior [ RunTime:0.000022s ]
INFO: [ app_init ] --END-- [ RunTime:0.001327s ]
ERR: 无法加载模块:Fonts

[ 2015-05-08T09:32:10+08:00 ] ::1 /study/thinkphp/fonts/glyphicons-halflings-regular.ttf
INFO: [ app_init ] --START--
INFO: Run Behavior\BuildLiteBehavior [ RunTime:0.000019s ]
INFO: [ app_init ] --END-- [ RunTime:0.000589s ]
ERR: 无法加载模块:Fonts

[ 2015-05-08T09:32:12+08:00 ] ::1 /study/thinkphp/fonts/glyphicons-halflings-regular.woff
INFO: [ app_init ] --START--
INFO: Run Behavior\BuildLiteBehavior [ RunTime:0.000047s ]
INFO: [ app_init ] --END-- [ RunTime:0.001065s ]
ERR: 无法加载模块:Fonts

[ 2015-05-08T09:32:12+08:00 ] ::1 /study/thinkphp/fonts/glyphicons-halflings-regular.ttf
INFO: [ app_init ] --START--
INFO: Run Behavior\BuildLiteBehavior [ RunTime:0.000020s ]
INFO: [ app_init ] --END-- [ RunTime:0.000621s ]
ERR: 无法加载模块:Fonts

[ 2015-05-08T09:32:14+08:00 ] ::1 /study/thinkphp/fonts/glyphicons-halflings-regular.woff
INFO: [ app_init ] --START--
INFO: Run Behavior\BuildLiteBehavior [ RunTime:0.000025s ]
INFO: [ app_init ] --END-- [ RunTime:0.001128s ]
ERR: 无法加载模块:Fonts

[ 2015-05-08T09:32:14+08:00 ] ::1 /study/thinkphp/fonts/glyphicons-halflings-regular.ttf
INFO: [ app_init ] --START--
INFO: Run Behavior\BuildLiteBehavior [ RunTime:0.000019s ]
INFO: [ app_init ] --END-- [ RunTime:0.000631s ]
ERR: 无法加载模块:Fonts

[ 2015-05-08T09:32:16+08:00 ] ::1 /study/thinkphp/fonts/glyphicons-halflings-regular.woff
INFO: [ app_init ] --START--
INFO: Run Behavior\BuildLiteBehavior [ RunTime:0.000023s ]
INFO: [ app_init ] --END-- [ RunTime:0.000714s ]
ERR: 无法加载模块:Fonts

[ 2015-05-08T09:32:16+08:00 ] ::1 /study/thinkphp/fonts/glyphicons-halflings-regular.ttf
INFO: [ app_init ] --START--
INFO: Run Behavior\BuildLiteBehavior [ RunTime:0.000019s ]
INFO: [ app_init ] --END-- [ RunTime:0.000547s ]
ERR: 无法加载模块:Fonts

[ 2015-05-08T09:32:25+08:00 ] ::1 /study/thinkphp/fonts/glyphicons-halflings-regular.woff
INFO: [ app_init ] --START--
INFO: Run Behavior\BuildLiteBehavior [ RunTime:0.000050s ]
INFO: [ app_init ] --END-- [ RunTime:0.000995s ]
ERR: 无法加载模块:Fonts

[ 2015-05-08T09:32:25+08:00 ] ::1 /study/thinkphp/fonts/glyphicons-halflings-regular.ttf
INFO: [ app_init ] --START--
INFO: Run Behavior\BuildLiteBehavior [ RunTime:0.000035s ]
INFO: [ app_init ] --END-- [ RunTime:0.001042s ]
ERR: 无法加载模块:Fonts

[ 2015-05-08T09:33:41+08:00 ] ::1 /study/thinkphp/fonts/glyphicons-halflings-regular.woff
INFO: [ app_init ] --START--
INFO: Run Behavior\BuildLiteBehavior [ RunTime:0.000035s ]
INFO: [ app_init ] --END-- [ RunTime:0.001106s ]
ERR: 无法加载模块:Fonts

[ 2015-05-08T09:33:41+08:00 ] ::1 /study/thinkphp/fonts/glyphicons-halflings-regular.ttf
INFO: [ app_init ] --START--
INFO: Run Behavior\BuildLiteBehavior [ RunTime:0.000021s ]
INFO: [ app_init ] --END-- [ RunTime:0.000802s ]
ERR: 无法加载模块:Fonts

[ 2015-05-08T09:33:44+08:00 ] ::1 /study/thinkphp/fonts/glyphicons-halflings-regular.woff
INFO: [ app_init ] --START--
INFO: Run Behavior\BuildLiteBehavior [ RunTime:0.000018s ]
INFO: [ app_init ] --END-- [ RunTime:0.000554s ]
ERR: 无法加载模块:Fonts

[ 2015-05-08T09:33:44+08:00 ] ::1 /study/thinkphp/fonts/glyphicons-halflings-regular.ttf
INFO: [ app_init ] --START--
INFO: Run Behavior\BuildLiteBehavior [ RunTime:0.000019s ]
INFO: [ app_init ] --END-- [ RunTime:0.000572s ]
ERR: 无法加载模块:Fonts

[ 2015-05-08T09:33:47+08:00 ] ::1 /study/thinkphp/fonts/glyphicons-halflings-regular.woff
INFO: [ app_init ] --START--
INFO: Run Behavior\BuildLiteBehavior [ RunTime:0.000033s ]
INFO: [ app_init ] --END-- [ RunTime:0.000916s ]
ERR: 无法加载模块:Fonts

[ 2015-05-08T09:33:47+08:00 ] ::1 /study/thinkphp/fonts/glyphicons-halflings-regular.ttf
INFO: [ app_init ] --START--
INFO: Run Behavior\BuildLiteBehavior [ RunTime:0.000018s ]
INFO: [ app_init ] --END-- [ RunTime:0.000544s ]
ERR: 无法加载模块:Fonts

[ 2015-05-08T09:41:25+08:00 ] ::1 /study/thinkphp/fonts/glyphicons-halflings-regular.woff
INFO: [ app_init ] --START--
INFO: Run Behavior\BuildLiteBehavior [ RunTime:0.000036s ]
INFO: [ app_init ] --END-- [ RunTime:0.000937s ]
ERR: 无法加载模块:Fonts

[ 2015-05-08T09:41:25+08:00 ] ::1 /study/thinkphp/fonts/glyphicons-halflings-regular.ttf
INFO: [ app_init ] --START--
INFO: Run Behavior\BuildLiteBehavior [ RunTime:0.000021s ]
INFO: [ app_init ] --END-- [ RunTime:0.000854s ]
ERR: 无法加载模块:Fonts

[ 2015-05-08T09:41:26+08:00 ] ::1 /study/thinkphp/fonts/glyphicons-halflings-regular.woff
INFO: [ app_init ] --START--
INFO: Run Behavior\BuildLiteBehavior [ RunTime:0.000021s ]
INFO: [ app_init ] --END-- [ RunTime:0.000765s ]
ERR: 无法加载模块:Fonts

[ 2015-05-08T09:41:26+08:00 ] ::1 /study/thinkphp/fonts/glyphicons-halflings-regular.ttf
INFO: [ app_init ] --START--
INFO: Run Behavior\BuildLiteBehavior [ RunTime:0.000085s ]
INFO: [ app_init ] --END-- [ RunTime:0.001300s ]
ERR: 无法加载模块:Fonts

[ 2015-05-08T09:43:45+08:00 ] ::1 /study/thinkphp/fonts/glyphicons-halflings-regular.woff
INFO: [ app_init ] --START--
INFO: Run Behavior\BuildLiteBehavior [ RunTime:0.000111s ]
INFO: [ app_init ] --END-- [ RunTime:0.001672s ]
ERR: 无法加载模块:Fonts

[ 2015-05-08T09:43:45+08:00 ] ::1 /study/thinkphp/fonts/glyphicons-halflings-regular.ttf
INFO: [ app_init ] --START--
INFO: Run Behavior\BuildLiteBehavior [ RunTime:0.000019s ]
INFO: [ app_init ] --END-- [ RunTime:0.000478s ]
ERR: 无法加载模块:Fonts

[ 2015-05-08T09:43:46+08:00 ] ::1 /study/thinkphp/fonts/glyphicons-halflings-regular.woff
INFO: [ app_init ] --START--
INFO: Run Behavior\BuildLiteBehavior [ RunTime:0.000022s ]
INFO: [ app_init ] --END-- [ RunTime:0.000735s ]
ERR: 无法加载模块:Fonts

[ 2015-05-08T09:43:46+08:00 ] ::1 /study/thinkphp/fonts/glyphicons-halflings-regular.ttf
INFO: [ app_init ] --START--
INFO: Run Behavior\BuildLiteBehavior [ RunTime:0.000018s ]
INFO: [ app_init ] --END-- [ RunTime:0.000537s ]
ERR: 无法加载模块:Fonts

[ 2015-05-08T09:43:47+08:00 ] ::1 /study/thinkphp/fonts/glyphicons-halflings-regular.woff
INFO: [ app_init ] --START--
INFO: Run Behavior\BuildLiteBehavior [ RunTime:0.000057s ]
INFO: [ app_init ] --END-- [ RunTime:0.001044s ]
ERR: 无法加载模块:Fonts

[ 2015-05-08T09:43:47+08:00 ] ::1 /study/thinkphp/fonts/glyphicons-halflings-regular.ttf
INFO: [ app_init ] --START--
INFO: Run Behavior\BuildLiteBehavior [ RunTime:0.000019s ]
INFO: [ app_init ] --END-- [ RunTime:0.000547s ]
ERR: 无法加载模块:Fonts

[ 2015-05-08T09:43:49+08:00 ] ::1 /study/thinkphp/fonts/glyphicons-halflings-regular.woff
INFO: [ app_init ] --START--
INFO: Run Behavior\BuildLiteBehavior [ RunTime:0.000036s ]
INFO: [ app_init ] --END-- [ RunTime:0.001152s ]
ERR: 无法加载模块:Fonts

[ 2015-05-08T09:43:49+08:00 ] ::1 /study/thinkphp/fonts/glyphicons-halflings-regular.ttf
INFO: [ app_init ] --START--
INFO: Run Behavior\BuildLiteBehavior [ RunTime:0.000019s ]
INFO: [ app_init ] --END-- [ RunTime:0.000606s ]
ERR: 无法加载模块:Fonts

[ 2015-05-08T09:44:38+08:00 ] ::1 /study/thinkphp/fonts/glyphicons-halflings-regular.woff
INFO: [ app_init ] --START--
INFO: Run Behavior\BuildLiteBehavior [ RunTime:0.000031s ]
INFO: [ app_init ] --END-- [ RunTime:0.000807s ]
ERR: 无法加载模块:Fonts

[ 2015-05-08T09:44:38+08:00 ] ::1 /study/thinkphp/fonts/glyphicons-halflings-regular.ttf
INFO: [ app_init ] --START--
INFO: Run Behavior\BuildLiteBehavior [ RunTime:0.000043s ]
INFO: [ app_init ] --END-- [ RunTime:0.001003s ]
ERR: 无法加载模块:Fonts

[ 2015-05-08T09:44:39+08:00 ] ::1 /study/thinkphp/fonts/glyphicons-halflings-regular.woff
INFO: [ app_init ] --START--
INFO: Run Behavior\BuildLiteBehavior [ RunTime:0.000023s ]
INFO: [ app_init ] --END-- [ RunTime:0.000626s ]
ERR: 无法加载模块:Fonts

[ 2015-05-08T09:44:39+08:00 ] ::1 /study/thinkphp/fonts/glyphicons-halflings-regular.ttf
INFO: [ app_init ] --START--
INFO: Run Behavior\BuildLiteBehavior [ RunTime:0.000018s ]
INFO: [ app_init ] --END-- [ RunTime:0.000555s ]
ERR: 无法加载模块:Fonts

[ 2015-05-08T09:44:41+08:00 ] ::1 /study/thinkphp/fonts/glyphicons-halflings-regular.woff
INFO: [ app_init ] --START--
INFO: Run Behavior\BuildLiteBehavior [ RunTime:0.000019s ]
INFO: [ app_init ] --END-- [ RunTime:0.000546s ]
ERR: 无法加载模块:Fonts

[ 2015-05-08T09:44:41+08:00 ] ::1 /study/thinkphp/fonts/glyphicons-halflings-regular.ttf
INFO: [ app_init ] --START--
INFO: Run Behavior\BuildLiteBehavior [ RunTime:0.000031s ]
INFO: [ app_init ] --END-- [ RunTime:0.001144s ]
ERR: 无法加载模块:Fonts

[ 2015-05-08T09:44:41+08:00 ] ::1 /study/thinkphp/fonts/glyphicons-halflings-regular.woff
INFO: [ app_init ] --START--
INFO: Run Behavior\BuildLiteBehavior [ RunTime:0.000035s ]
INFO: [ app_init ] --END-- [ RunTime:0.001012s ]
ERR: 无法加载模块:Fonts

[ 2015-05-08T09:44:41+08:00 ] ::1 /study/thinkphp/fonts/glyphicons-halflings-regular.ttf
INFO: [ app_init ] --START--
INFO: Run Behavior\BuildLiteBehavior [ RunTime:0.000019s ]
INFO: [ app_init ] --END-- [ RunTime:0.000552s ]
ERR: 无法加载模块:Fonts

[ 2015-05-08T10:00:47+08:00 ] ::1 /study/thinkphp/fonts/glyphicons-halflings-regular.woff
INFO: [ app_init ] --START--
INFO: Run Behavior\BuildLiteBehavior [ RunTime:0.000026s ]
INFO: [ app_init ] --END-- [ RunTime:0.001252s ]
ERR: 无法加载模块:Fonts

[ 2015-05-08T10:00:47+08:00 ] ::1 /study/thinkphp/fonts/glyphicons-halflings-regular.ttf
INFO: [ app_init ] --START--
INFO: Run Behavior\BuildLiteBehavior [ RunTime:0.000018s ]
INFO: [ app_init ] --END-- [ RunTime:0.000621s ]
ERR: 无法加载模块:Fonts

[ 2015-05-08T10:05:13+08:00 ] ::1 /study/thinkphp/fonts/glyphicons-halflings-regular.woff
INFO: [ app_init ] --START--
INFO: Run Behavior\BuildLiteBehavior [ RunTime:0.000020s ]
INFO: [ app_init ] --END-- [ RunTime:0.000552s ]
ERR: 无法加载模块:Fonts

[ 2015-05-08T10:05:14+08:00 ] ::1 /study/thinkphp/fonts/glyphicons-halflings-regular.ttf
INFO: [ app_init ] --START--
INFO: Run Behavior\BuildLiteBehavior [ RunTime:0.000019s ]
INFO: [ app_init ] --END-- [ RunTime:0.000531s ]
ERR: 无法加载模块:Fonts

[ 2015-05-08T17:52:01+08:00 ] ::1 /study/thinkphp/fonts/glyphicons-halflings-regular.woff
INFO: [ app_init ] --START--
INFO: Run Behavior\BuildLiteBehavior [ RunTime:0.000020s ]
INFO: [ app_init ] --END-- [ RunTime:0.000612s ]
ERR: 无法加载模块:Fonts

[ 2015-05-08T17:52:01+08:00 ] ::1 /study/thinkphp/fonts/glyphicons-halflings-regular.ttf
INFO: [ app_init ] --START--
INFO: Run Behavior\BuildLiteBehavior [ RunTime:0.000020s ]
INFO: [ app_init ] --END-- [ RunTime:0.000596s ]
ERR: 无法加载模块:Fonts

[ 2015-05-08T17:53:24+08:00 ] ::1 /study/thinkphp/fonts/glyphicons-halflings-regular.woff
INFO: [ app_init ] --START--
INFO: Run Behavior\BuildLiteBehavior [ RunTime:0.000021s ]
INFO: [ app_init ] --END-- [ RunTime:0.000840s ]
ERR: 无法加载模块:Fonts

[ 2015-05-08T17:53:24+08:00 ] ::1 /study/thinkphp/fonts/glyphicons-halflings-regular.ttf
INFO: [ app_init ] --START--
INFO: Run Behavior\BuildLiteBehavior [ RunTime:0.000019s ]
INFO: [ app_init ] --END-- [ RunTime:0.000552s ]
ERR: 无法加载模块:Fonts

[ 2015-05-08T17:53:31+08:00 ] ::1 /study/thinkphp/fonts/glyphicons-halflings-regular.woff
INFO: [ app_init ] --START--
INFO: Run Behavior\BuildLiteBehavior [ RunTime:0.000032s ]
INFO: [ app_init ] --END-- [ RunTime:0.000767s ]
ERR: 无法加载模块:Fonts

[ 2015-05-08T17:53:31+08:00 ] ::1 /study/thinkphp/fonts/glyphicons-halflings-regular.ttf
INFO: [ app_init ] --START--
INFO: Run Behavior\BuildLiteBehavior [ RunTime:0.000020s ]
INFO: [ app_init ] --END-- [ RunTime:0.000551s ]
ERR: 无法加载模块:Fonts

[ 2015-05-08T17:53:34+08:00 ] ::1 /study/thinkphp/fonts/glyphicons-halflings-regular.woff
INFO: [ app_init ] --START--
INFO: Run Behavior\BuildLiteBehavior [ RunTime:0.000033s ]
INFO: [ app_init ] --END-- [ RunTime:0.000936s ]
ERR: 无法加载模块:Fonts

[ 2015-05-08T17:53:34+08:00 ] ::1 /study/thinkphp/fonts/glyphicons-halflings-regular.ttf
INFO: [ app_init ] --START--
INFO: Run Behavior\BuildLiteBehavior [ RunTime:0.000058s ]
INFO: [ app_init ] --END-- [ RunTime:0.001645s ]
ERR: 无法加载模块:Fonts

[ 2015-05-08T17:53:52+08:00 ] ::1 /study/thinkphp/fonts/glyphicons-halflings-regular.woff
INFO: [ app_init ] --START--
INFO: Run Behavior\BuildLiteBehavior [ RunTime:0.000036s ]
INFO: [ app_init ] --END-- [ RunTime:0.001636s ]
ERR: 无法加载模块:Fonts

[ 2015-05-08T17:53:53+08:00 ] ::1 /study/thinkphp/fonts/glyphicons-halflings-regular.ttf
INFO: [ app_init ] --START--
INFO: Run Behavior\BuildLiteBehavior [ RunTime:0.000035s ]
INFO: [ app_init ] --END-- [ RunTime:0.001117s ]
ERR: 无法加载模块:Fonts

[ 2015-05-08T17:55:13+08:00 ] ::1 /study/thinkphp/fonts/glyphicons-halflings-regular.woff
INFO: [ app_init ] --START--
INFO: Run Behavior\BuildLiteBehavior [ RunTime:0.000020s ]
INFO: [ app_init ] --END-- [ RunTime:0.000643s ]
ERR: 无法加载模块:Fonts

[ 2015-05-08T17:55:13+08:00 ] ::1 /study/thinkphp/fonts/glyphicons-halflings-regular.ttf
INFO: [ app_init ] --START--
INFO: Run Behavior\BuildLiteBehavior [ RunTime:0.000020s ]
INFO: [ app_init ] --END-- [ RunTime:0.000584s ]
ERR: 无法加载模块:Fonts

[ 2015-05-08T17:55:16+08:00 ] ::1 /study/thinkphp/fonts/glyphicons-halflings-regular.woff
INFO: [ app_init ] --START--
INFO: Run Behavior\BuildLiteBehavior [ RunTime:0.000029s ]
INFO: [ app_init ] --END-- [ RunTime:0.000653s ]
ERR: 无法加载模块:Fonts

[ 2015-05-08T17:55:16+08:00 ] ::1 /study/thinkphp/fonts/glyphicons-halflings-regular.ttf
INFO: [ app_init ] --START--
INFO: Run Behavior\BuildLiteBehavior [ RunTime:0.000019s ]
INFO: [ app_init ] --END-- [ RunTime:0.000559s ]
ERR: 无法加载模块:Fonts

[ 2015-05-08T17:55:42+08:00 ] ::1 /study/thinkphp/fonts/glyphicons-halflings-regular.woff
INFO: [ app_init ] --START--
INFO: Run Behavior\BuildLiteBehavior [ RunTime:0.000032s ]
INFO: [ app_init ] --END-- [ RunTime:0.000783s ]
ERR: 无法加载模块:Fonts

[ 2015-05-08T17:55:42+08:00 ] ::1 /study/thinkphp/fonts/glyphicons-halflings-regular.ttf
INFO: [ app_init ] --START--
INFO: Run Behavior\BuildLiteBehavior [ RunTime:0.000019s ]
INFO: [ app_init ] --END-- [ RunTime:0.000536s ]
ERR: 无法加载模块:Fonts

[ 2015-05-08T17:55:46+08:00 ] ::1 /study/thinkphp/fonts/glyphicons-halflings-regular.woff
INFO: [ app_init ] --START--
INFO: Run Behavior\BuildLiteBehavior [ RunTime:0.000047s ]
INFO: [ app_init ] --END-- [ RunTime:0.001328s ]
ERR: 无法加载模块:Fonts

[ 2015-05-08T17:55:46+08:00 ] ::1 /study/thinkphp/fonts/glyphicons-halflings-regular.ttf
INFO: [ app_init ] --START--
INFO: Run Behavior\BuildLiteBehavior [ RunTime:0.000018s ]
INFO: [ app_init ] --END-- [ RunTime:0.000535s ]
ERR: 无法加载模块:Fonts

[ 2015-05-08T17:55:48+08:00 ] ::1 /study/thinkphp/fonts/glyphicons-halflings-regular.woff
INFO: [ app_init ] --START--
INFO: Run Behavior\BuildLiteBehavior [ RunTime:0.000020s ]
INFO: [ app_init ] --END-- [ RunTime:0.000605s ]
ERR: 无法加载模块:Fonts

[ 2015-05-08T17:55:48+08:00 ] ::1 /study/thinkphp/fonts/glyphicons-halflings-regular.ttf
INFO: [ app_init ] --START--
INFO: Run Behavior\BuildLiteBehavior [ RunTime:0.000019s ]
INFO: [ app_init ] --END-- [ RunTime:0.000563s ]
ERR: 无法加载模块:Fonts

[ 2015-05-08T17:57:24+08:00 ] ::1 /study/thinkphp/fonts/glyphicons-halflings-regular.woff
INFO: [ app_init ] --START--
INFO: Run Behavior\BuildLiteBehavior [ RunTime:0.000020s ]
INFO: [ app_init ] --END-- [ RunTime:0.000777s ]
ERR: 无法加载模块:Fonts

[ 2015-05-08T17:57:25+08:00 ] ::1 /study/thinkphp/fonts/glyphicons-halflings-regular.ttf
INFO: [ app_init ] --START--
INFO: Run Behavior\BuildLiteBehavior [ RunTime:0.000048s ]
INFO: [ app_init ] --END-- [ RunTime:0.000966s ]
ERR: 无法加载模块:Fonts

[ 2015-05-08T17:57:25+08:00 ] ::1 /study/thinkphp/fonts/glyphicons-halflings-regular.woff
INFO: [ app_init ] --START--
INFO: Run Behavior\BuildLiteBehavior [ RunTime:0.000020s ]
INFO: [ app_init ] --END-- [ RunTime:0.000618s ]
ERR: 无法加载模块:Fonts

[ 2015-05-08T17:57:25+08:00 ] ::1 /study/thinkphp/fonts/glyphicons-halflings-regular.ttf
INFO: [ app_init ] --START--
INFO: Run Behavior\BuildLiteBehavior [ RunTime:0.000031s ]
INFO: [ app_init ] --END-- [ RunTime:0.001020s ]
ERR: 无法加载模块:Fonts

[ 2015-05-08T17:57:27+08:00 ] ::1 /study/thinkphp/fonts/glyphicons-halflings-regular.woff
INFO: [ app_init ] --START--
INFO: Run Behavior\BuildLiteBehavior [ RunTime:0.000019s ]
INFO: [ app_init ] --END-- [ RunTime:0.000636s ]
ERR: 无法加载模块:Fonts

[ 2015-05-08T17:57:27+08:00 ] ::1 /study/thinkphp/fonts/glyphicons-halflings-regular.ttf
INFO: [ app_init ] --START--
INFO: Run Behavior\BuildLiteBehavior [ RunTime:0.000091s ]
INFO: [ app_init ] --END-- [ RunTime:0.001201s ]
ERR: 无法加载模块:Fonts

[ 2015-05-08T17:58:19+08:00 ] ::1 /study/thinkphp/fonts/glyphicons-halflings-regular.woff
INFO: [ app_init ] --START--
INFO: Run Behavior\BuildLiteBehavior [ RunTime:0.000020s ]
INFO: [ app_init ] --END-- [ RunTime:0.000567s ]
ERR: 无法加载模块:Fonts

[ 2015-05-08T17:58:19+08:00 ] ::1 /study/thinkphp/fonts/glyphicons-halflings-regular.ttf
INFO: [ app_init ] --START--
INFO: Run Behavior\BuildLiteBehavior [ RunTime:0.000020s ]
INFO: [ app_init ] --END-- [ RunTime:0.000497s ]
ERR: 无法加载模块:Fonts

[ 2015-05-08T17:58:20+08:00 ] ::1 /study/thinkphp/fonts/glyphicons-halflings-regular.woff
INFO: [ app_init ] --START--
INFO: Run Behavior\BuildLiteBehavior [ RunTime:0.000021s ]
INFO: [ app_init ] --END-- [ RunTime:0.000591s ]
ERR: 无法加载模块:Fonts

[ 2015-05-08T17:58:20+08:00 ] ::1 /study/thinkphp/fonts/glyphicons-halflings-regular.ttf
INFO: [ app_init ] --START--
INFO: Run Behavior\BuildLiteBehavior [ RunTime:0.000019s ]
INFO: [ app_init ] --END-- [ RunTime:0.000569s ]
ERR: 无法加载模块:Fonts

[ 2015-05-08T17:58:23+08:00 ] ::1 /study/thinkphp/fonts/glyphicons-halflings-regular.woff
INFO: [ app_init ] --START--
INFO: Run Behavior\BuildLiteBehavior [ RunTime:0.000032s ]
INFO: [ app_init ] --END-- [ RunTime:0.000951s ]
ERR: 无法加载模块:Fonts

[ 2015-05-08T17:58:23+08:00 ] ::1 /study/thinkphp/fonts/glyphicons-halflings-regular.ttf
INFO: [ app_init ] --START--
INFO: Run Behavior\BuildLiteBehavior [ RunTime:0.000019s ]
INFO: [ app_init ] --END-- [ RunTime:0.000546s ]
ERR: 无法加载模块:Fonts

[ 2015-05-08T17:58:26+08:00 ] ::1 /study/thinkphp/fonts/glyphicons-halflings-regular.woff
INFO: [ app_init ] --START--
INFO: Run Behavior\BuildLiteBehavior [ RunTime:0.000036s ]
INFO: [ app_init ] --END-- [ RunTime:0.000799s ]
ERR: 无法加载模块:Fonts

[ 2015-05-08T17:58:26+08:00 ] ::1 /study/thinkphp/fonts/glyphicons-halflings-regular.ttf
INFO: [ app_init ] --START--
INFO: Run Behavior\BuildLiteBehavior [ RunTime:0.000033s ]
INFO: [ app_init ] --END-- [ RunTime:0.000741s ]
ERR: 无法加载模块:Fonts

[ 2015-05-08T18:34:27+08:00 ] ::1 /study/thinkphp/fonts/glyphicons-halflings-regular.woff
INFO: [ app_init ] --START--
INFO: Run Behavior\BuildLiteBehavior [ RunTime:0.000020s ]
INFO: [ app_init ] --END-- [ RunTime:0.000654s ]
ERR: 无法加载模块:Fonts

[ 2015-05-08T18:34:27+08:00 ] ::1 /study/thinkphp/fonts/glyphicons-halflings-regular.ttf
INFO: [ app_init ] --START--
INFO: Run Behavior\BuildLiteBehavior [ RunTime:0.000019s ]
INFO: [ app_init ] --END-- [ RunTime:0.000482s ]
ERR: 无法加载模块:Fonts

[ 2015-05-08T18:49:25+08:00 ] ::1 /study/thinkphp/fonts/glyphicons-halflings-regular.woff
INFO: [ app_init ] --START--
INFO: Run Behavior\BuildLiteBehavior [ RunTime:0.000032s ]
INFO: [ app_init ] --END-- [ RunTime:0.000744s ]
ERR: 无法加载模块:Fonts

[ 2015-05-08T18:49:25+08:00 ] ::1 /study/thinkphp/fonts/glyphicons-halflings-regular.ttf
INFO: [ app_init ] --START--
INFO: Run Behavior\BuildLiteBehavior [ RunTime:0.000026s ]
INFO: [ app_init ] --END-- [ RunTime:0.000758s ]
ERR: 无法加载模块:Fonts

[ 2015-05-08T18:51:12+08:00 ] ::1 /study/thinkphp/fonts/glyphicons-halflings-regular.woff
INFO: [ app_init ] --START--
INFO: Run Behavior\BuildLiteBehavior [ RunTime:0.000019s ]
INFO: [ app_init ] --END-- [ RunTime:0.000645s ]
ERR: 无法加载模块:Fonts

[ 2015-05-08T18:51:12+08:00 ] ::1 /study/thinkphp/fonts/glyphicons-halflings-regular.ttf
INFO: [ app_init ] --START--
INFO: Run Behavior\BuildLiteBehavior [ RunTime:0.000047s ]
INFO: [ app_init ] --END-- [ RunTime:0.001189s ]
ERR: 无法加载模块:Fonts

[ 2015-05-08T18:51:14+08:00 ] ::1 /study/thinkphp/fonts/glyphicons-halflings-regular.woff
INFO: [ app_init ] --START--
INFO: Run Behavior\BuildLiteBehavior [ RunTime:0.000022s ]
INFO: [ app_init ] --END-- [ RunTime:0.000687s ]
ERR: 无法加载模块:Fonts

[ 2015-05-08T18:51:14+08:00 ] ::1 /study/thinkphp/fonts/glyphicons-halflings-regular.ttf
INFO: [ app_init ] --START--
INFO: Run Behavior\BuildLiteBehavior [ RunTime:0.000019s ]
INFO: [ app_init ] --END-- [ RunTime:0.000534s ]
ERR: 无法加载模块:Fonts

[ 2015-05-08T18:51:16+08:00 ] ::1 /study/thinkphp/fonts/glyphicons-halflings-regular.woff
INFO: [ app_init ] --START--
INFO: Run Behavior\BuildLiteBehavior [ RunTime:0.000030s ]
INFO: [ app_init ] --END-- [ RunTime:0.000865s ]
ERR: 无法加载模块:Fonts

[ 2015-05-08T18:51:17+08:00 ] ::1 /study/thinkphp/fonts/glyphicons-halflings-regular.ttf
INFO: [ app_init ] --START--
INFO: Run Behavior\BuildLiteBehavior [ RunTime:0.000019s ]
INFO: [ app_init ] --END-- [ RunTime:0.000548s ]
ERR: 无法加载模块:Fonts

[ 2015-05-08T18:51:18+08:00 ] ::1 /study/thinkphp/fonts/glyphicons-halflings-regular.woff
INFO: [ app_init ] --START--
INFO: Run Behavior\BuildLiteBehavior [ RunTime:0.000019s ]
INFO: [ app_init ] --END-- [ RunTime:0.000563s ]
ERR: 无法加载模块:Fonts

[ 2015-05-08T18:51:18+08:00 ] ::1 /study/thinkphp/fonts/glyphicons-halflings-regular.ttf
INFO: [ app_init ] --START--
INFO: Run Behavior\BuildLiteBehavior [ RunTime:0.000020s ]
INFO: [ app_init ] --END-- [ RunTime:0.000748s ]
ERR: 无法加载模块:Fonts

